📝 Logging to: results/misclassifications/optimization_run_20260217_035603.log


🚀 Starting Phase 1: Misclassification Detection


======================================================================
PHASE 1: MISCLASSIFICATION DETECTION
======================================================================
Dataset: 648 samples (100% of 648)
Min after filtering: 324 samples (50%)
Testing 3 configurations from INCLUDED_COMBINATIONS:
  - metadata+depth_rgb
  - metadata+depth_rgb+thermal_rgb
  - metadata+depth_rgb+thermal_rgb+thermal_map
Running 3 runs per configuration (total 9 runs)
Misclassification counts: max=9 (mode=both, runs=3, folds=3)
CV folds=3, verbosity=silent


🧹 FRESH START MODE: Deleting all checkpoints...
================================================================================

Cleanup Statistics:
  Csv Results: 1 files deleted
  Tf Cache: 2 files deleted
================================================================================


======================================================================
Testing: metadata+depth_rgb (3 runs)
======================================================================
Phase 1 Progress (metadata+depth_rgb):   0%|                                                                                                   | 0/3 [00:00<?, ?run/s]
📊 Updating baseline after metadata+depth_rgb run 1...
Phase 1 Progress (metadata+depth_rgb):  33%|#############################                                                          | 1/3 [33:25<1:06:50, 2005.13s/run]
📊 Updating baseline after metadata+depth_rgb run 2...
Phase 1 Progress (metadata+depth_rgb):  67%|##########################################################                             | 2/3 [1:02:37<30:56, 1856.50s/run]
📊 Updating baseline after metadata+depth_rgb run 3...
Phase 1 Progress (metadata+depth_rgb): 100%|#######################################################################################| 3/3 [1:36:29<00:00, 1936.65s/run]Phase 1 Progress (metadata+depth_rgb): 100%|#######################################################################################| 3/3 [1:36:29<00:00, 1929.87s/run]

======================================================================
Testing: metadata+depth_rgb+thermal_rgb (3 runs)
======================================================================
Phase 1 Progress (metadata+depth_rgb+thermal_rgb):   0%|                                                                                       | 0/3 [00:00<?, ?run/s]
📊 Updating baseline after metadata+depth_rgb+thermal_rgb run 1...
Phase 1 Progress (metadata+depth_rgb+thermal_rgb):  33%|#########################                                                  | 1/3 [55:52<1:51:45, 3352.78s/run]
📊 Updating baseline after metadata+depth_rgb+thermal_rgb run 2...
Phase 1 Progress (metadata+depth_rgb+thermal_rgb):  67%|##################################################                         | 2/3 [1:53:22<56:49, 3409.60s/run]
📊 Updating baseline after metadata+depth_rgb+thermal_rgb run 3...
Phase 1 Progress (metadata+depth_rgb+thermal_rgb): 100%|###########################################################################| 3/3 [2:57:54<00:00, 3620.82s/run]Phase 1 Progress (metadata+depth_rgb+thermal_rgb): 100%|###########################################################################| 3/3 [2:57:54<00:00, 3558.11s/run]

======================================================================
Testing: metadata+depth_rgb+thermal_rgb+thermal_map (3 runs)
======================================================================
Phase 1 Progress (metadata+depth_rgb+thermal_rgb+thermal_map):   0%|                                                                           | 0/3 [00:00<?, ?run/s]
📊 Updating baseline after metadata+depth_rgb+thermal_rgb+thermal_map run 1...
Phase 1 Progress (metadata+depth_rgb+thermal_rgb+thermal_map):  33%|####################3                                        | 1/3 [1:41:28<3:22:56, 6088.48s/run]
📊 Updating baseline after metadata+depth_rgb+thermal_rgb+thermal_map run 2...
Phase 1 Progress (metadata+depth_rgb+thermal_rgb+thermal_map):  67%|########################################6                    | 2/3 [3:12:22<1:35:15, 5715.13s/run]
📊 Updating baseline after metadata+depth_rgb+thermal_rgb+thermal_map run 3...
Phase 1 Progress (metadata+depth_rgb+thermal_rgb+thermal_map): 100%|###############################################################| 3/3 [4:54:17<00:00, 5898.02s/run]Phase 1 Progress (metadata+depth_rgb+thermal_rgb+thermal_map): 100%|###############################################################| 3/3 [4:54:17<00:00, 5885.98s/run]

======================================================================
✅ PHASE 1 COMPLETE
======================================================================

💾 Saved Phase 1 misclassification data:
   - frequent_misclassifications_saved.csv (total)
   - Backup: /workspace/DFUMultiClassification/results/misclassifications_saved/frequent_misclassifications_saved.csv
   - frequent_misclassifications_depth_rgb_metadata_saved.csv
   - frequent_misclassifications_depth_rgb_metadata_thermal_rgb_saved.csv
   - frequent_misclassifications_depth_rgb_metadata_thermal_map_thermal_rgb_saved.csv
🔒 Locked Phase 1 data - Phase 2 training won't contaminate counts

Misclassification Summary:
  Total unique misclassified samples: 603
  Max count observed: 27

  By class:
    I: 196 samples, counts 1-27, median=11.5
    P: 346 samples, counts 1-27, median=13.0
    R: 61 samples, counts 1-27, median=16.0

💾 Saved Phase 1 baseline metrics: /workspace/DFUMultiClassification/results/misclassifications/phase1_baseline.json
   Best performance for 3 modality combinations preserved
   Best overall: metadata+depth_rgb+thermal_rgb+thermal_map (Kappa=0.3613)
   CSV with all modalities: /workspace/DFUMultiClassification/results/misclassifications_saved/phase1_modality_results.csv

======================================================================
PHASE 1 BASELINE PERFORMANCE (Before Optimization)
======================================================================

  metadata+depth_rgb+thermal_rgb+thermal_map << BEST:
    Accuracy: 0.5756
    Macro F1: 0.5372
    Weighted F1: 0.5760
    Per-class F1: I=0.4462, P=0.6428, R=0.5226
    Kappa: 0.3613

  metadata+depth_rgb+thermal_rgb:
    Accuracy: 0.5539
    Macro F1: 0.5121
    Weighted F1: 0.5612
    Per-class F1: I=0.4816, P=0.6216, R=0.4332
    Kappa: 0.3402

  metadata+depth_rgb:
    Accuracy: 0.5828
    Macro F1: 0.5254
    Weighted F1: 0.5868
    Per-class F1: I=0.4518, P=0.6696, R=0.4549
    Kappa: 0.3210

  📊 Using best baseline for optimization: metadata+depth_rgb+thermal_rgb+thermal_map
     Accuracy: 0.5756, Macro F1: 0.5372, Weighted F1: 0.5760
     Per-class F1: I=0.4462, P=0.6428, R=0.5226, Kappa: 0.3613

🚀 Starting Phase 2: Bayesian Threshold Optimization


======================================================================
PHASE 2: BAYESIAN THRESHOLD OPTIMIZATION
======================================================================

  📊 Balancing Strategy:
     Rarest class: R (76 samples)
     Target after 90% retention: 69 samples per class
     Calculated retention rates for balance:
       I: 33.8% of 204 → ~69 samples
       P: 18.8% of 368 → ~69 samples
       R: 90.8% of 76 → ~69 samples

======================================================================
AUTOMATIC THRESHOLD CALCULATION (Balanced Dataset Strategy)
======================================================================
  Minority class retention target: 90%

  Class I:
    Original samples: 204 (893 images)
    Target retention for balance: 33.8%
    Misclass count range: 1-27, median=11.5
    Min threshold for retention: 7
    Actual retention at this threshold: 68/204 (33.3%) ≈ 297 images

  Class P:
    Original samples: 368 (1880 images)
    Target retention for balance: 18.8%
    Misclass count range: 1-27, median=13.0
    Min threshold for retention: 4
    Actual retention at this threshold: 51/368 (13.9%) ≈ 260 images

  Class R:
    Original samples: 76 (335 images)
    Target retention for balance: 90.8%
    Misclass count range: 1-27, median=16.0
    Min threshold for retention: 27
    Actual retention at this threshold: 57/76 (75.0%) ≈ 251 images

======================================================================
SEARCH SPACE (auto-calculated for balanced dataset)
======================================================================
  P: 4-28 (min threshold for 18.8% retention)
  I: 7-28 (min threshold for 33.8% retention)
  R: 27-28 (min threshold for 90.8% retention)

Optimization Settings:
  Evaluations: 20
  CV folds per evaluation: 3
  Score: 0.4×Δweighted_f1 + 0.3×Δmin_f1 + 0.2×Δkappa + 0.1×retention - penalties
  (Δ = improvement over baseline; focuses on clinical applicability)

Soft Constraints (smooth penalties guide optimizer):
  Dataset size: Target ≥50% of original (heavy exp penalty)
  Min F1 per class: Target ≥0.25 (exponential penalty)
  Min samples per class: Target ≥30 (linear penalty)
  Max class imbalance: Target ≤5.0x (linear penalty)

All constraints are soft - optimizer learns from violations!


======================================================================
PHASE 1 BASELINE PERFORMANCE (Before Optimization)
======================================================================

  metadata+depth_rgb+thermal_rgb+thermal_map << BEST:
    Accuracy: 0.5756
    Macro F1: 0.5372
    Weighted F1: 0.5760
    Per-class F1: I=0.4462, P=0.6428, R=0.5226
    Kappa: 0.3613

  metadata+depth_rgb+thermal_rgb:
    Accuracy: 0.5539
    Macro F1: 0.5121
    Weighted F1: 0.5612
    Per-class F1: I=0.4816, P=0.6216, R=0.4332
    Kappa: 0.3402

  metadata+depth_rgb:
    Accuracy: 0.5828
    Macro F1: 0.5254
    Weighted F1: 0.5868
    Per-class F1: I=0.4518, P=0.6696, R=0.4549
    Kappa: 0.3210

  📊 Using best baseline for optimization: metadata+depth_rgb+thermal_rgb+thermal_map
     Accuracy: 0.5756, Macro F1: 0.5372, Weighted F1: 0.5760
     Per-class F1: I=0.4462, P=0.6428, R=0.5226, Kappa: 0.3613

🔍 Starting Bayesian optimization...

📋 Training outputs will be logged to:
   (Log file will be created on first evaluation)


──────────────────────────────────────────────────────────────────────
EVALUATION 1/20
──────────────────────────────────────────────────────────────────────
Trying thresholds: P=23, I=11, R=28
Dataset after filtering: 483/648 samples (74.5%)

🔄 FROM DATA MODE: Keeping processed data, deleting models/predictions...
================================================================================

Cleanup Statistics:
  Models: 12 files deleted
  Predictions: 36 files deleted
================================================================================


================================================================================
BATCH SIZE ADJUSTMENT FOR PHASE 2
================================================================================
Phase 1 batch size (1 modality at a time): 40
Phase 2 modalities: ['metadata', 'depth_rgb', 'depth_map', 'thermal_map']
  Image modalities with weights:
    - depth_rgb: 1.0 units
    - depth_map: 0.6 units
    - thermal_map: 0.6 units
  Total weight: 2.2 units
  Adjusted batch size: 40 / 2.2 = 18
  Memory reduction: ~2.2x less per batch
================================================================================

⏳ Training with cv_folds=3 (fresh mode)...
Results:
  Accuracy: 0.7090 (Δ+0.1333)
  Macro F1: 0.6419 (Δ+0.1047)
  Weighted F1: 0.7139 (Δ+0.1379)
  Per-class F1: I=0.7251, P=0.7675, R=0.4331
  Kappa: 0.5355 (Δ+0.1742)
  Retention: 483/648 (74.5%)
  Penalties: 0.042 (min_f1:0.04)
  Combined Score: 0.1087
  ✨ New best score!

──────────────────────────────────────────────────────────────────────
EVALUATION 2/20
──────────────────────────────────────────────────────────────────────
Trying thresholds: P=18, I=16, R=27
Dataset after filtering: 433/648 samples (66.8%)

🔄 FROM DATA MODE: Keeping processed data, deleting models/predictions...
================================================================================

Cleanup Statistics:
  Models: 12 files deleted
  Predictions: 36 files deleted
================================================================================


================================================================================
BATCH SIZE ADJUSTMENT FOR PHASE 2
================================================================================
Phase 1 batch size (1 modality at a time): 40
Phase 2 modalities: ['metadata', 'depth_rgb', 'depth_map', 'thermal_map']
  Image modalities with weights:
    - depth_rgb: 1.0 units
    - depth_map: 0.6 units
    - thermal_map: 0.6 units
  Total weight: 2.2 units
  Adjusted batch size: 40 / 2.2 = 18
  Memory reduction: ~2.2x less per batch
================================================================================

⏳ Training with cv_folds=3 (fresh mode)...
Results:
  Accuracy: 0.6790 (Δ+0.1033)
  Macro F1: 0.6486 (Δ+0.1114)
  Weighted F1: 0.6894 (Δ+0.1134)
  Per-class F1: I=0.6834, P=0.7281, R=0.5344
  Kappa: 0.5358 (Δ+0.1745)
  Retention: 433/648 (66.8%)
  Combined Score: 0.1759
  ✨ New best score!

──────────────────────────────────────────────────────────────────────
EVALUATION 3/20
──────────────────────────────────────────────────────────────────────
Trying thresholds: P=15, I=14, R=27
Dataset after filtering: 403/648 samples (62.2%)

🔄 FROM DATA MODE: Keeping processed data, deleting models/predictions...
================================================================================

Cleanup Statistics:
  Models: 12 files deleted
  Predictions: 36 files deleted
================================================================================


================================================================================
BATCH SIZE ADJUSTMENT FOR PHASE 2
================================================================================
Phase 1 batch size (1 modality at a time): 40
Phase 2 modalities: ['metadata', 'depth_rgb', 'depth_map', 'thermal_map']
  Image modalities with weights:
    - depth_rgb: 1.0 units
    - depth_map: 0.6 units
    - thermal_map: 0.6 units
  Total weight: 2.2 units
  Adjusted batch size: 40 / 2.2 = 18
  Memory reduction: ~2.2x less per batch
================================================================================

⏳ Training with cv_folds=3 (fresh mode)...
Results:
  Accuracy: 0.6688 (Δ+0.0932)
  Macro F1: 0.6367 (Δ+0.0995)
  Weighted F1: 0.6755 (Δ+0.0994)
  Per-class F1: I=0.6543, P=0.7011, R=0.5546
  Kappa: 0.5302 (Δ+0.1690)
  Retention: 403/648 (62.2%)
  Combined Score: 0.1718

──────────────────────────────────────────────────────────────────────
EVALUATION 4/20
──────────────────────────────────────────────────────────────────────
Trying thresholds: P=20, I=8, R=28
Dataset after filtering: 418/648 samples (64.5%)

🔄 FROM DATA MODE: Keeping processed data, deleting models/predictions...
================================================================================

Cleanup Statistics:
  Models: 12 files deleted
  Predictions: 36 files deleted
================================================================================


================================================================================
BATCH SIZE ADJUSTMENT FOR PHASE 2
================================================================================
Phase 1 batch size (1 modality at a time): 40
Phase 2 modalities: ['metadata', 'depth_rgb', 'depth_map', 'thermal_map']
  Image modalities with weights:
    - depth_rgb: 1.0 units
    - depth_map: 0.6 units
    - thermal_map: 0.6 units
  Total weight: 2.2 units
  Adjusted batch size: 40 / 2.2 = 18
  Memory reduction: ~2.2x less per batch
================================================================================

⏳ Training with cv_folds=3 (fresh mode)...

================================================================================
❌ TRAINING FAILED
================================================================================
Return code: 15 (exit status: 15)

Command that failed:
/venv/multimodal/bin/python src/main.py --mode search --cv_folds 3 --data_percentage 100 --verbosity 0 --resume_mode fresh --threshold_I 8 --threshold_P 20 --threshold_R 28 --device-mode multi --min-gpu-memory 8.0

────────────────────────────────────────────────────────────────────────────────
OUTPUT (last 3000 chars):
────────────────────────────────────────────────────────────────────────────────
 gpu_device.cc:2022] Created device /job:localhost/replica:0/task:0/device:GPU:1 with 22364 MB memory:  -> device: 1, name: NVIDIA RTX A5000, pci bus id: 0000:8a:00.0, compute capability: 8.6

Using MirroredStrategy (2 GPUs) with NCCL
  Compute capability 8.6 detected (native NCCL support)
  (Using NCCL for fastest multi-GPU communication)
  Effective batch size: 2× global batch size
================================================================================


Batch size per replica: 9 (global batch size: 18, replicas: 2)

================================================================================
DFU MULTIMODAL CLASSIFICATION - PRODUCTION PIPELINE
================================================================================
Mode: search
Resume mode: auto
Data percentage: 100.0%
Verbosity: 0 (MINIMAL)
Device: GPUs [0, 1] (multi-GPU mode, MirroredStrategy)
  Replicas: 2× batch size distribution
Cross-validation: 3-fold CV (patient-level)

Configuration loaded from: src/utils/production_config.py
Image size: 256x256
Batch size: 18
  Per-GPU batch: 9 (18 / 2 GPUs)
Max epochs: 200 (with early stopping)
Modality search mode: custom
Will test 1 custom combinations
================================================================================


✨ AUTO RESUME MODE: Keeping all checkpoints, will resume from latest state...
================================================================================
I0000 00:00:1771354204.758583 2510198 gpu_device.cc:2022] Created device /device:GPU:0 with 22364 MB memory:  -> device: 0, name: NVIDIA RTX A5000, pci bus id: 0000:89:00.0, compute capability: 8.6
I0000 00:00:1771354204.759781 2510198 gpu_device.cc:2022] Created device /device:GPU:1 with 22364 MB memory:  -> device: 1, name: NVIDIA RTX A5000, pci bus id: 0000:8a:00.0, compute capability: 8.6

Data Cleaning Configuration (from production_config.py):
  Outlier removal: False
  Misclassification tracking: none
  Core data mode: False
  Thresholds: I=8, P=20, R=28

============================================================
FILTERING SUMMARY
============================================================
Thresholds: I=8, P=20, R=28

Excluded samples per class:
  Class I: 122 samples
  Class P: 108 samples
  Class R: 0 samples

Total unique samples to exclude: 230

Dataset size (rows): 3108 -> 2037 (65.5%)
Unique samples: 648 -> 418 (removed 230)

Class distribution after filtering:
  Class I: 349 rows
  Class P: 1353 rows
  Class R: 335 rows
============================================================

  Diagnostic samples saved to /workspace/DFUMultiClassification/results/visualizations/diagnostic_samples/ (3 classes)
I0000 00:00:1771354263.148572 2510263 cuda_dnn.cc:529] Loaded cuDNN version 91002
I0000 00:00:1771354263.291116 2510262 cuda_dnn.cc:529] Loaded cuDNN version 91002
Epoch 40: early stopping
Restoring model weights from the end of the best epoch: 20.
Epoch 47: early stopping
Restoring model weights from the end of the best epoch: 27.


💡 Full output saved to: /workspace/DFUMultiClassification/results/misclassifications_saved/phase2_optimization_20260217_132448.log
================================================================================

❌ Training failed

──────────────────────────────────────────────────────────────────────
EVALUATION 5/20
──────────────────────────────────────────────────────────────────────
Trying thresholds: P=27, I=7, R=28
Dataset after filtering: 506/648 samples (78.1%)

🔄 FROM DATA MODE: Keeping processed data, deleting models/predictions...
================================================================================

Cleanup Statistics:
  Models: 11 files deleted
  Predictions: 24 files deleted
================================================================================


================================================================================
BATCH SIZE ADJUSTMENT FOR PHASE 2
================================================================================
Phase 1 batch size (1 modality at a time): 40
Phase 2 modalities: ['metadata', 'depth_rgb', 'depth_map', 'thermal_map']
  Image modalities with weights:
    - depth_rgb: 1.0 units
    - depth_map: 0.6 units
    - thermal_map: 0.6 units
  Total weight: 2.2 units
  Adjusted batch size: 40 / 2.2 = 18
  Memory reduction: ~2.2x less per batch
================================================================================

⏳ Training with cv_folds=3 (fresh mode)...
