Logging to: /workspace/DFUMultiClassification/results/logs/hparam_search_20260224_021142.log
================================================================================
DEPTH RGB HYPERPARAMETER SEARCH
================================================================================

============================================================
FILTERING SUMMARY
============================================================
Thresholds: I=18, P=16, R=26

Excluded samples per class:
  Class I: 65 samples
  Class P: 143 samples
  Class R: 8 samples

Total unique samples to exclude: 216

Dataset size (rows): 3108 -> 2072 (66.7%)
Unique samples: 648 -> 432 (removed 216)

Class distribution after filtering:
  Class I: 595 rows
  Class P: 1181 rows
  Class R: 296 rows
============================================================

Loaded 2072 samples
RESUME MODE — found 28 completed configs: ['R1_EfficientNetB0_frozen', 'R1_EfficientNetB0_partial_unfreeze', 'R1_EfficientNetB2_frozen', 'R1_EfficientNetB2_partial_unfreeze', 'R1_DenseNet121_frozen', 'R1_DenseNet121_partial_unfreeze', 'R1_ResNet50V2_frozen', 'R1_ResNet50V2_partial_unfreeze', 'R1_MobileNetV3Large_frozen', 'R1_MobileNetV3Large_partial_unfreeze', 'R1_SimpleCNN_scratch', 'R2_tiny', 'R2_small', 'R2_medium', 'R2_large', 'R2_two_layer', 'R3_focal_g2_d03', 'R3_focal_g3_d03', 'R3_cce_d03', 'R3_focal_g2_d05', 'R3_focal_g2_d02', 'R3_focal_g2_ls01', 'R3_focal_g2_l2_1e3', 'R3_focal_g2_mixup02', 'R4_lr5e4_b64_plateau', 'R4_lr1e3_b64_plateau', 'R4_lr3e3_b64_plateau', 'R4_lr1e3_b32_plateau']

################################################################################
ROUND 1: BACKBONE + FREEZE STRATEGY
################################################################################

  SKIP (cached): R1_EfficientNetB0_frozen → kappa=0.3717

  SKIP (cached): R1_EfficientNetB0_partial_unfreeze → kappa=0.3023

  SKIP (cached): R1_EfficientNetB2_frozen → kappa=0.3611

  SKIP (cached): R1_EfficientNetB2_partial_unfreeze → kappa=0.3643

  SKIP (cached): R1_DenseNet121_frozen → kappa=0.3748

  SKIP (cached): R1_DenseNet121_partial_unfreeze → kappa=0.3294

  SKIP (cached): R1_ResNet50V2_frozen → kappa=0.3180

  SKIP (cached): R1_ResNet50V2_partial_unfreeze → kappa=0.3359

  SKIP (cached): R1_MobileNetV3Large_frozen → kappa=0.3603

  SKIP (cached): R1_MobileNetV3Large_partial_unfreeze → kappa=0.1012

  SKIP (cached): R1_SimpleCNN_scratch → kappa=0.1303

  BEST from this round: R1_DenseNet121_frozen (kappa=0.3748, s1_kappa=0.3898)

################################################################################
ROUND 2: HEAD ARCHITECTURE
################################################################################

  SKIP (cached): R2_tiny → kappa=0.3611

  SKIP (cached): R2_small → kappa=0.3606

  SKIP (cached): R2_medium → kappa=0.3623

  SKIP (cached): R2_large → kappa=0.3546

  SKIP (cached): R2_two_layer → kappa=0.3546

  BEST from this round: R2_medium (kappa=0.3623, s1_kappa=0.3816)

################################################################################
ROUND 3: LOSS + REGULARIZATION
################################################################################

  SKIP (cached): R3_focal_g2_d03 → kappa=0.3751

  SKIP (cached): R3_focal_g3_d03 → kappa=0.3869

  SKIP (cached): R3_cce_d03 → kappa=0.3675

  SKIP (cached): R3_focal_g2_d05 → kappa=0.3773

  SKIP (cached): R3_focal_g2_d02 → kappa=0.3507

  SKIP (cached): R3_focal_g2_ls01 → kappa=0.3795

  SKIP (cached): R3_focal_g2_l2_1e3 → kappa=0.3665

  SKIP (cached): R3_focal_g2_mixup02 → kappa=0.3668

  BEST from this round: R3_focal_g3_d03 (kappa=0.3869, s1_kappa=0.4006)

################################################################################
ROUND 4: TRAINING DYNAMICS
################################################################################

  SKIP (cached): R4_lr5e4_b64_plateau → kappa=0.3901

  SKIP (cached): R4_lr1e3_b64_plateau → kappa=0.3776

  SKIP (cached): R4_lr3e3_b64_plateau → kappa=0.3596

  SKIP (cached): R4_lr1e3_b32_plateau → kappa=0.3856

================================================================================
CONFIG: R4_lr1e3_b64_cosine
  backbone=DenseNet121, freeze=frozen
  head=[128], dropout=0.3, bn=True, l2=0.0
  loss=focal, gamma=3.0, alpha_sum=3.0
  lr=0.001, epochs=60, batch=64
  lr_schedule=cosine, warmup=5
  augmentation=True, mixup=False(0.0)
  label_smooth=0.0, image_size=256, fold=0
================================================================================
  Diagnostic samples saved to /workspace/DFUMultiClassification/results/visualizations/diagnostic_samples/ (3 classes)
  Alpha values (sum=3.0): [0.859, 0.432, 1.709]
  Trainable weights: 6/612
/venv/multimodal/lib/python3.11/site-packages/keras/src/models/functional.py:241: UserWarning: The structure of `inputs` doesn't match the expected structure.
Expected: depth_rgb_input
Received: inputs=['Tensor(shape=(64, 256, 256, 3))']
  warnings.warn(msg)
/venv/multimodal/lib/python3.11/site-packages/keras/src/models/functional.py:241: UserWarning: The structure of `inputs` doesn't match the expected structure.
Expected: depth_rgb_input
Received: inputs=['Tensor(shape=(None, 256, 256, 3))']
  warnings.warn(msg)
Epoch 31: early stopping
Restoring model weights from the end of the best epoch: 11.
  Stage 1 best: val_kappa=0.3738 at epoch 11/31
Epoch 11: early stopping
Restoring model weights from the end of the best epoch: 1.
  Stage 2 best: val_kappa=0.3518 at epoch 1/11
/venv/multimodal/lib/python3.11/site-packages/keras/src/models/functional.py:241: UserWarning: The structure of `inputs` doesn't match the expected structure.
Expected: depth_rgb_input
Received: inputs=['Tensor(shape=(32, 256, 256, 3))']
  warnings.warn(msg)

  POST-EVAL: kappa=0.3518, acc=0.4203, f1=0.4182
  Confusion matrix:
[[137  27  35]
 [156  82 156]
 [ 16  10  71]]
  Time: 216s

================================================================================
CONFIG: R4_lr1e3_b64_e100
  backbone=DenseNet121, freeze=frozen
  head=[128], dropout=0.3, bn=True, l2=0.0
  loss=focal, gamma=3.0, alpha_sum=3.0
  lr=0.001, epochs=100, batch=64
  lr_schedule=plateau, warmup=0
  augmentation=True, mixup=False(0.0)
  label_smooth=0.0, image_size=256, fold=0
================================================================================
  Diagnostic samples saved to /workspace/DFUMultiClassification/results/visualizations/diagnostic_samples/ (3 classes)
  Alpha values (sum=3.0): [0.859, 0.432, 1.709]
  Trainable weights: 6/612
/venv/multimodal/lib/python3.11/site-packages/keras/src/models/functional.py:241: UserWarning: The structure of `inputs` doesn't match the expected structure.
Expected: depth_rgb_input
Received: inputs=['Tensor(shape=(64, 256, 256, 3))']
  warnings.warn(msg)
/venv/multimodal/lib/python3.11/site-packages/keras/src/models/functional.py:241: UserWarning: The structure of `inputs` doesn't match the expected structure.
Expected: depth_rgb_input
Received: inputs=['Tensor(shape=(None, 256, 256, 3))']
  warnings.warn(msg)
Epoch 53: early stopping
Restoring model weights from the end of the best epoch: 33.
  Stage 1 best: val_kappa=0.3725 at epoch 33/53
Epoch 11: early stopping
Restoring model weights from the end of the best epoch: 1.
  Stage 2 best: val_kappa=0.3910 at epoch 1/11
/venv/multimodal/lib/python3.11/site-packages/keras/src/models/functional.py:241: UserWarning: The structure of `inputs` doesn't match the expected structure.
Expected: depth_rgb_input
Received: inputs=['Tensor(shape=(32, 256, 256, 3))']
  warnings.warn(msg)

  POST-EVAL: kappa=0.3910, acc=0.4826, f1=0.4763
  Confusion matrix:
[[124  51  24]
 [114 144 136]
 [ 12  20  65]]
  Time: 296s

  BEST from this round: R4_lr1e3_b64_e100 (kappa=0.3910, s1_kappa=0.3725)

################################################################################
ROUND 5: AUGMENTATION + IMAGE SIZE
################################################################################

================================================================================
CONFIG: R5_aug_on_256
  backbone=DenseNet121, freeze=frozen
  head=[128], dropout=0.3, bn=True, l2=0.0
  loss=focal, gamma=3.0, alpha_sum=3.0
  lr=0.001, epochs=100, batch=64
  lr_schedule=plateau, warmup=0
  augmentation=True, mixup=False(0.0)
  label_smooth=0.0, image_size=256, fold=0
================================================================================
  Diagnostic samples saved to /workspace/DFUMultiClassification/results/visualizations/diagnostic_samples/ (3 classes)
  Alpha values (sum=3.0): [0.859, 0.432, 1.709]
  Trainable weights: 6/612
/venv/multimodal/lib/python3.11/site-packages/keras/src/models/functional.py:241: UserWarning: The structure of `inputs` doesn't match the expected structure.
Expected: depth_rgb_input
Received: inputs=['Tensor(shape=(64, 256, 256, 3))']
  warnings.warn(msg)
/venv/multimodal/lib/python3.11/site-packages/keras/src/models/functional.py:241: UserWarning: The structure of `inputs` doesn't match the expected structure.
Expected: depth_rgb_input
Received: inputs=['Tensor(shape=(None, 256, 256, 3))']
  warnings.warn(msg)
Epoch 39: early stopping
Restoring model weights from the end of the best epoch: 24.
  Stage 1 best: val_kappa=0.3794 at epoch 24/39
Epoch 12: early stopping
Restoring model weights from the end of the best epoch: 2.
  Stage 2 best: val_kappa=0.3717 at epoch 2/12
/venv/multimodal/lib/python3.11/site-packages/keras/src/models/functional.py:241: UserWarning: The structure of `inputs` doesn't match the expected structure.
Expected: depth_rgb_input
Received: inputs=['Tensor(shape=(32, 256, 256, 3))']
  warnings.warn(msg)

  POST-EVAL: kappa=0.3717, acc=0.4333, f1=0.4313
  Confusion matrix:
[[133  40  26]
 [151 102 141]
 [ 12  21  64]]
  Time: 249s

================================================================================
CONFIG: R5_aug_off_256
  backbone=DenseNet121, freeze=frozen
  head=[128], dropout=0.3, bn=True, l2=0.0
  loss=focal, gamma=3.0, alpha_sum=3.0
  lr=0.001, epochs=100, batch=64
  lr_schedule=plateau, warmup=0
  augmentation=False, mixup=False(0.0)
  label_smooth=0.0, image_size=256, fold=0
================================================================================
  Diagnostic samples saved to /workspace/DFUMultiClassification/results/visualizations/diagnostic_samples/ (3 classes)
  Alpha values (sum=3.0): [0.859, 0.432, 1.709]
  Trainable weights: 6/612
/venv/multimodal/lib/python3.11/site-packages/keras/src/models/functional.py:241: UserWarning: The structure of `inputs` doesn't match the expected structure.
Expected: depth_rgb_input
Received: inputs=['Tensor(shape=(64, 256, 256, 3))']
  warnings.warn(msg)
/venv/multimodal/lib/python3.11/site-packages/keras/src/models/functional.py:241: UserWarning: The structure of `inputs` doesn't match the expected structure.
Expected: depth_rgb_input
Received: inputs=['Tensor(shape=(None, 256, 256, 3))']
  warnings.warn(msg)
Epoch 29: early stopping
Restoring model weights from the end of the best epoch: 14.
  Stage 1 best: val_kappa=0.3638 at epoch 14/29
Epoch 11: early stopping
Restoring model weights from the end of the best epoch: 1.
  Stage 2 best: val_kappa=0.3815 at epoch 1/11
/venv/multimodal/lib/python3.11/site-packages/keras/src/models/functional.py:241: UserWarning: The structure of `inputs` doesn't match the expected structure.
Expected: depth_rgb_input
Received: inputs=['Tensor(shape=(32, 256, 256, 3))']
  warnings.warn(msg)

  POST-EVAL: kappa=0.3823, acc=0.4812, f1=0.4736
  Confusion matrix:
[[124  49  26]
 [118 145 131]
 [ 11  23  63]]
  Time: 207s

================================================================================
CONFIG: R5_aug_on_224
  backbone=DenseNet121, freeze=frozen
  head=[128], dropout=0.3, bn=True, l2=0.0
  loss=focal, gamma=3.0, alpha_sum=3.0
  lr=0.001, epochs=100, batch=64
  lr_schedule=plateau, warmup=0
  augmentation=True, mixup=False(0.0)
  label_smooth=0.0, image_size=224, fold=0
================================================================================
  Diagnostic samples saved to /workspace/DFUMultiClassification/results/visualizations/diagnostic_samples/ (3 classes)
  Alpha values (sum=3.0): [0.859, 0.432, 1.709]
  Trainable weights: 6/612
/venv/multimodal/lib/python3.11/site-packages/keras/src/models/functional.py:241: UserWarning: The structure of `inputs` doesn't match the expected structure.
Expected: depth_rgb_input
Received: inputs=['Tensor(shape=(64, 224, 224, 3))']
  warnings.warn(msg)
/venv/multimodal/lib/python3.11/site-packages/keras/src/models/functional.py:241: UserWarning: The structure of `inputs` doesn't match the expected structure.
Expected: depth_rgb_input
Received: inputs=['Tensor(shape=(None, 224, 224, 3))']
  warnings.warn(msg)
Epoch 35: early stopping
Restoring model weights from the end of the best epoch: 20.
  Stage 1 best: val_kappa=0.3419 at epoch 20/35
Epoch 11: early stopping
Restoring model weights from the end of the best epoch: 1.
  Stage 2 best: val_kappa=0.3233 at epoch 1/11
/venv/multimodal/lib/python3.11/site-packages/keras/src/models/functional.py:241: UserWarning: The structure of `inputs` doesn't match the expected structure.
Expected: depth_rgb_input
Received: inputs=['Tensor(shape=(32, 224, 224, 3))']
  warnings.warn(msg)

  POST-EVAL: kappa=0.3233, acc=0.5174, f1=0.4759
  Confusion matrix:
[[102  80  17]
 [102 214  78]
 [ 13  43  41]]
  Time: 196s

================================================================================
CONFIG: R5_aug_off_224
  backbone=DenseNet121, freeze=frozen
  head=[128], dropout=0.3, bn=True, l2=0.0
  loss=focal, gamma=3.0, alpha_sum=3.0
  lr=0.001, epochs=100, batch=64
  lr_schedule=plateau, warmup=0
  augmentation=False, mixup=False(0.0)
  label_smooth=0.0, image_size=224, fold=0
================================================================================
  Diagnostic samples saved to /workspace/DFUMultiClassification/results/visualizations/diagnostic_samples/ (3 classes)
  Alpha values (sum=3.0): [0.859, 0.432, 1.709]
  Trainable weights: 6/612
/venv/multimodal/lib/python3.11/site-packages/keras/src/models/functional.py:241: UserWarning: The structure of `inputs` doesn't match the expected structure.
Expected: depth_rgb_input
Received: inputs=['Tensor(shape=(64, 224, 224, 3))']
  warnings.warn(msg)
/venv/multimodal/lib/python3.11/site-packages/keras/src/models/functional.py:241: UserWarning: The structure of `inputs` doesn't match the expected structure.
Expected: depth_rgb_input
Received: inputs=['Tensor(shape=(None, 224, 224, 3))']
  warnings.warn(msg)
Epoch 35: early stopping
Restoring model weights from the end of the best epoch: 20.
  Stage 1 best: val_kappa=0.3179 at epoch 20/35
Epoch 12: early stopping
Restoring model weights from the end of the best epoch: 2.
  Stage 2 best: val_kappa=0.3384 at epoch 2/12
/venv/multimodal/lib/python3.11/site-packages/keras/src/models/functional.py:241: UserWarning: The structure of `inputs` doesn't match the expected structure.
Expected: depth_rgb_input
Received: inputs=['Tensor(shape=(32, 224, 224, 3))']
  warnings.warn(msg)

  POST-EVAL: kappa=0.3384, acc=0.4449, f1=0.4419
  Confusion matrix:
[[120  51  28]
 [133 122 139]
 [ 18  14  65]]
  Time: 197s

  BEST from this round: R5_aug_off_256 (kappa=0.3823, s1_kappa=0.3638)

################################################################################
FINAL: BEST CONFIG ON ALL 3 FOLDS
################################################################################

================================================================================
CONFIG: FINAL_fold1
  backbone=DenseNet121, freeze=frozen
  head=[128], dropout=0.3, bn=True, l2=0.0
  loss=focal, gamma=3.0, alpha_sum=3.0
  lr=0.001, epochs=100, batch=64
  lr_schedule=plateau, warmup=0
  augmentation=False, mixup=False(0.0)
  label_smooth=0.0, image_size=256, fold=0
================================================================================
  Diagnostic samples saved to /workspace/DFUMultiClassification/results/visualizations/diagnostic_samples/ (3 classes)
  Alpha values (sum=3.0): [0.859, 0.432, 1.709]
  Trainable weights: 6/612
/venv/multimodal/lib/python3.11/site-packages/keras/src/models/functional.py:241: UserWarning: The structure of `inputs` doesn't match the expected structure.
Expected: depth_rgb_input
Received: inputs=['Tensor(shape=(64, 256, 256, 3))']
  warnings.warn(msg)
/venv/multimodal/lib/python3.11/site-packages/keras/src/models/functional.py:241: UserWarning: The structure of `inputs` doesn't match the expected structure.
Expected: depth_rgb_input
Received: inputs=['Tensor(shape=(None, 256, 256, 3))']
  warnings.warn(msg)
Epoch 29: early stopping
Restoring model weights from the end of the best epoch: 14.
  Stage 1 best: val_kappa=0.3638 at epoch 14/29
Epoch 11: early stopping
Restoring model weights from the end of the best epoch: 1.
  Stage 2 best: val_kappa=0.3815 at epoch 1/11
/venv/multimodal/lib/python3.11/site-packages/keras/src/models/functional.py:241: UserWarning: The structure of `inputs` doesn't match the expected structure.
Expected: depth_rgb_input
Received: inputs=['Tensor(shape=(32, 256, 256, 3))']
  warnings.warn(msg)

  POST-EVAL: kappa=0.3823, acc=0.4812, f1=0.4736
  Confusion matrix:
[[124  49  26]
 [118 145 131]
 [ 11  23  63]]
  Time: 202s

================================================================================
CONFIG: FINAL_fold2
  backbone=DenseNet121, freeze=frozen
  head=[128], dropout=0.3, bn=True, l2=0.0
  loss=focal, gamma=3.0, alpha_sum=3.0
  lr=0.001, epochs=100, batch=64
  lr_schedule=plateau, warmup=0
  augmentation=False, mixup=False(0.0)
  label_smooth=0.0, image_size=256, fold=1
================================================================================
  Diagnostic samples saved to /workspace/DFUMultiClassification/results/visualizations/diagnostic_samples/ (3 classes)
  Alpha values (sum=3.0): [0.856, 0.431, 1.713]
  Trainable weights: 6/612
/venv/multimodal/lib/python3.11/site-packages/keras/src/models/functional.py:241: UserWarning: The structure of `inputs` doesn't match the expected structure.
Expected: depth_rgb_input
Received: inputs=['Tensor(shape=(64, 256, 256, 3))']
  warnings.warn(msg)
/venv/multimodal/lib/python3.11/site-packages/keras/src/models/functional.py:241: UserWarning: The structure of `inputs` doesn't match the expected structure.
Expected: depth_rgb_input
Received: inputs=['Tensor(shape=(None, 256, 256, 3))']
  warnings.warn(msg)
Epoch 33: early stopping
Restoring model weights from the end of the best epoch: 18.
  Stage 1 best: val_kappa=0.4390 at epoch 18/33
Epoch 11: early stopping
Restoring model weights from the end of the best epoch: 1.
  Stage 2 best: val_kappa=0.4369 at epoch 1/11
/venv/multimodal/lib/python3.11/site-packages/keras/src/models/functional.py:241: UserWarning: The structure of `inputs` doesn't match the expected structure.
Expected: depth_rgb_input
Received: inputs=['Tensor(shape=(32, 256, 256, 3))']
  warnings.warn(msg)

  POST-EVAL: kappa=0.4369, acc=0.5991, f1=0.5564
  Confusion matrix:
[[124  64  11]
 [109 248  37]
 [  6  50  42]]
  Time: 220s

================================================================================
CONFIG: FINAL_fold3
  backbone=DenseNet121, freeze=frozen
  head=[128], dropout=0.3, bn=True, l2=0.0
  loss=focal, gamma=3.0, alpha_sum=3.0
  lr=0.001, epochs=100, batch=64
  lr_schedule=plateau, warmup=0
  augmentation=False, mixup=False(0.0)
  label_smooth=0.0, image_size=256, fold=2
================================================================================
  Diagnostic samples saved to /workspace/DFUMultiClassification/results/visualizations/diagnostic_samples/ (3 classes)
  Alpha values (sum=3.0): [0.846, 0.427, 1.727]
  Trainable weights: 6/612
/venv/multimodal/lib/python3.11/site-packages/keras/src/models/functional.py:241: UserWarning: The structure of `inputs` doesn't match the expected structure.
Expected: depth_rgb_input
Received: inputs=['Tensor(shape=(64, 256, 256, 3))']
  warnings.warn(msg)
/venv/multimodal/lib/python3.11/site-packages/keras/src/models/functional.py:241: UserWarning: The structure of `inputs` doesn't match the expected structure.
Expected: depth_rgb_input
Received: inputs=['Tensor(shape=(None, 256, 256, 3))']
  warnings.warn(msg)
Epoch 29: early stopping
Restoring model weights from the end of the best epoch: 14.
  Stage 1 best: val_kappa=0.2583 at epoch 14/29
Epoch 11: early stopping
Restoring model weights from the end of the best epoch: 1.
  Stage 2 best: val_kappa=0.2413 at epoch 1/11
/venv/multimodal/lib/python3.11/site-packages/keras/src/models/functional.py:241: UserWarning: The structure of `inputs` doesn't match the expected structure.
Expected: depth_rgb_input
Received: inputs=['Tensor(shape=(32, 256, 256, 3))']
  warnings.warn(msg)

  POST-EVAL: kappa=0.2413, acc=0.4660, f1=0.4343
  Confusion matrix:
[[116  61  20]
 [147 169  77]
 [ 29  35  37]]
  Time: 205s

================================================================================
SEARCH COMPLETE — SUMMARY
================================================================================
  R1: Backbone+Freeze: R1_DenseNet121_frozen → kappa=0.3748
  R2: Head: R2_medium → kappa=0.3623
  R3: Loss+Reg: R3_focal_g3_d03 → kappa=0.3869
  R4: Training: R4_lr1e3_b64_e100 → kappa=0.3910
  R5: Aug+ImgSize: R5_aug_off_256 → kappa=0.3823

FINAL BEST CONFIG: R5_aug_off_256
  backbone=DenseNet121, freeze=frozen
  head=[128], dropout=0.3, l2=0.0
  loss=focal, gamma=3.0
  lr=0.001, schedule=plateau, batch=64
  aug=False, mixup=False, img_size=256

  3-fold kappas: [0.3823, 0.4369, 0.2413]
  Mean kappa:    0.3535 +/- 0.0824

  Baseline kappa (B0 frozen, fold 0): 0.3717
  Improvement: -0.0183

Results saved to: /workspace/DFUMultiClassification/results/depth_rgb_search_results.csv
Best config saved to: /workspace/DFUMultiClassification/results/depth_rgb_best_config.json
