Logging to: /workspace/DFUMultiClassification/results/logs/hparam_search_20260224_163251.log
================================================================================
DEPTH RGB HYPERPARAMETER SEARCH
================================================================================

============================================================
FILTERING SUMMARY
============================================================
Thresholds: I=18, P=16, R=26

Excluded samples per class:
  Class I: 65 samples
  Class P: 143 samples
  Class R: 8 samples

Total unique samples to exclude: 216

Dataset size (rows): 3108 -> 2072 (66.7%)
Unique samples: 648 -> 432 (removed 216)

Class distribution after filtering:
  Class I: 595 rows
  Class P: 1181 rows
  Class R: 296 rows
============================================================

Loaded 2072 samples
RESUME MODE — found 41 completed configs: ['R1_EfficientNetB0_frozen', 'R1_EfficientNetB0_partial_unfreeze', 'R1_EfficientNetB2_frozen', 'R1_EfficientNetB2_partial_unfreeze', 'R1_DenseNet121_frozen', 'R1_DenseNet121_partial_unfreeze', 'R1_ResNet50V2_frozen', 'R1_ResNet50V2_partial_unfreeze', 'R2_tiny', 'R2_small', 'R2_medium', 'R2_large', 'R2_two_layer', 'R3_focal_g2_d03', 'R3_focal_g3_d03', 'R3_cce_d03', 'R3_focal_g2_d05', 'R3_focal_g2_d02', 'R3_focal_g2_ls01', 'R3_focal_g2_l2_1e3', 'R3_focal_g2_mixup02', 'R3_focal_g3_alpha0', 'R3_focal_g3_alpha1', 'R3_focal_g3_alpha5', 'R3_focal_g3_alpha8', 'R4_lr5e4_b64_plateau', 'R4_lr1e3_b64_plateau', 'R4_lr3e3_b64_plateau', 'R4_lr1e3_b32_plateau', 'R4_lr1e3_b64_cosine', 'R4_lr1e3_b64_e100', 'R4_adamw_wd1e4', 'R4_adamw_wd1e3', 'R5_aug_on_256', 'R5_aug_off_256', 'R5_aug_on_384', 'R5_aug_off_384', 'R6_ft_top20_30ep', 'R6_ft_top40_30ep', 'R6_ft_top50_50ep', 'R6_ft_top20_50ep']

################################################################################
ROUND 1: BACKBONE + FREEZE STRATEGY
################################################################################

  SKIP (cached): R1_EfficientNetB0_frozen → kappa=0.4216

  SKIP (cached): R1_EfficientNetB0_partial_unfreeze → kappa=0.3631

  SKIP (cached): R1_EfficientNetB2_frozen → kappa=0.3735

  SKIP (cached): R1_EfficientNetB2_partial_unfreeze → kappa=0.3507

  SKIP (cached): R1_DenseNet121_frozen → kappa=0.3781

  SKIP (cached): R1_DenseNet121_partial_unfreeze → kappa=0.3144

  SKIP (cached): R1_ResNet50V2_frozen → kappa=0.3857

  SKIP (cached): R1_ResNet50V2_partial_unfreeze → kappa=0.3985

  BEST from this round: R1_EfficientNetB0_frozen (kappa=0.4216, s1_kappa=0.4072)

################################################################################
ROUND 2: HEAD ARCHITECTURE
################################################################################

  SKIP (cached): R2_tiny → kappa=0.4027

  SKIP (cached): R2_small → kappa=0.3787

  SKIP (cached): R2_medium → kappa=0.4216

  SKIP (cached): R2_large → kappa=0.4277

  SKIP (cached): R2_two_layer → kappa=0.3781

  BEST from this round: R2_large (kappa=0.4277, s1_kappa=0.4466)

################################################################################
ROUND 3: LOSS + REGULARIZATION
################################################################################

  SKIP (cached): R3_focal_g2_d03 → kappa=0.4277

  SKIP (cached): R3_focal_g3_d03 → kappa=0.3959

  SKIP (cached): R3_cce_d03 → kappa=0.4223

  SKIP (cached): R3_focal_g2_d05 → kappa=0.4158

  SKIP (cached): R3_focal_g2_d02 → kappa=0.4043

  SKIP (cached): R3_focal_g2_ls01 → kappa=0.4394

  SKIP (cached): R3_focal_g2_l2_1e3 → kappa=0.3993

  SKIP (cached): R3_focal_g2_mixup02 → kappa=0.3777

  SKIP (cached): R3_focal_g3_alpha0 → kappa=0.3728

  SKIP (cached): R3_focal_g3_alpha1 → kappa=0.3798

  SKIP (cached): R3_focal_g3_alpha5 → kappa=0.4017

  SKIP (cached): R3_focal_g3_alpha8 → kappa=0.3934

  BEST from this round: R3_focal_g2_ls01 (kappa=0.4394, s1_kappa=0.4090)

################################################################################
ROUND 4: TRAINING DYNAMICS
################################################################################

  SKIP (cached): R4_lr5e4_b64_plateau → kappa=0.4004

  SKIP (cached): R4_lr1e3_b64_plateau → kappa=0.4394

  SKIP (cached): R4_lr3e3_b64_plateau → kappa=0.4013

  SKIP (cached): R4_lr1e3_b32_plateau → kappa=0.4170

  SKIP (cached): R4_lr1e3_b64_cosine → kappa=0.4385

  SKIP (cached): R4_lr1e3_b64_e100 → kappa=0.4280

  SKIP (cached): R4_adamw_wd1e4 → kappa=0.3904

  SKIP (cached): R4_adamw_wd1e3 → kappa=0.3887

  BEST from this round: R4_lr1e3_b64_plateau (kappa=0.4394, s1_kappa=0.4090)

################################################################################
ROUND 5: AUGMENTATION + IMAGE SIZE
################################################################################

  SKIP (cached): R5_aug_on_256 → kappa=0.4394

  SKIP (cached): R5_aug_off_256 → kappa=0.3309

  SKIP (cached): R5_aug_on_384 → kappa=0.4170

  SKIP (cached): R5_aug_off_384 → kappa=0.3272

  BEST from this round: R5_aug_on_256 (kappa=0.4394, s1_kappa=0.4090)

################################################################################
ROUND 6: FINE-TUNING STRATEGY
################################################################################

  SKIP (cached): R6_ft_top20_30ep → kappa=0.4394

  SKIP (cached): R6_ft_top40_30ep → kappa=0.4263

  SKIP (cached): R6_ft_top50_50ep → kappa=0.4008

  SKIP (cached): R6_ft_top20_50ep → kappa=0.4332

  BEST from this round: R6_ft_top20_30ep (kappa=0.4394, s1_kappa=0.4090)

################################################################################
TOP 5 SELECTION: 5-FOLD VALIDATION OF BEST CONFIGS
################################################################################

Top 5 configs by fold-0 kappa:
  1. R3_focal_g2_ls01 → kappa=0.4394
  2. R4_lr1e3_b64_plateau → kappa=0.4394
  3. R4_lr1e3_b64_cosine → kappa=0.4385
  4. R6_ft_top20_50ep → kappa=0.4332
  5. R4_lr1e3_b64_e100 → kappa=0.4280

  BEST from this round: R3_focal_g2_ls01 (kappa=0.4394, s1_kappa=0.4090)

================================================================================
CONFIG: TOP5_1_fold1
  backbone=EfficientNetB0, freeze=frozen
  head=[256], dropout=0.3, bn=True, l2=0.0
  loss=focal, gamma=2.0, alpha_sum=3.0
  lr=0.001, epochs=50, batch=64
  lr_schedule=plateau, warmup=0
  optimizer=adam, weight_decay=0.0001
  augmentation=True, mixup=False(0.0)
  label_smooth=0.1, image_size=256, fold=0
  unfreeze_pct=0.2, finetune_lr=1e-05, finetune_epochs=30
================================================================================
  Diagnostic samples saved to /workspace/DFUMultiClassification/results/visualizations/diagnostic_samples/ (3 classes)
  Alpha values (sum=3.0): [0.854, 0.43, 1.716]
  Trainable weights: 6/320
/venv/multimodal/lib/python3.11/site-packages/keras/src/models/functional.py:241: UserWarning: The structure of `inputs` doesn't match the expected structure.
Expected: depth_rgb_input
Received: inputs=['Tensor(shape=(64, 256, 256, 3))']
  warnings.warn(msg)
/venv/multimodal/lib/python3.11/site-packages/keras/src/models/functional.py:241: UserWarning: The structure of `inputs` doesn't match the expected structure.
Expected: depth_rgb_input
Received: inputs=['Tensor(shape=(None, 256, 256, 3))']
  warnings.warn(msg)
Epoch 30: early stopping
Restoring model weights from the end of the best epoch: 15.
  Stage 1 best: val_kappa=0.4370 at epoch 15/30
  Stage 2: unfreezing top 20% (48/239 layers)
Epoch 11: early stopping
Restoring model weights from the end of the best epoch: 1.
  Stage 2 best: val_kappa=0.4135 at epoch 1/11
/venv/multimodal/lib/python3.11/site-packages/keras/src/models/functional.py:241: UserWarning: The structure of `inputs` doesn't match the expected structure.
Expected: depth_rgb_input
Received: inputs=['Tensor(shape=(32, 256, 256, 3))']
  warnings.warn(msg)

  POST-EVAL: kappa=0.3765, acc=0.5058, f1=0.4805
  Confusion matrix:
[[127  66   6]
 [141 180  73]
 [ 16  39  42]]
  Time: 195s

================================================================================
CONFIG: TOP5_1_fold2
  backbone=EfficientNetB0, freeze=frozen
  head=[256], dropout=0.3, bn=True, l2=0.0
  loss=focal, gamma=2.0, alpha_sum=3.0
  lr=0.001, epochs=50, batch=64
  lr_schedule=plateau, warmup=0
  optimizer=adam, weight_decay=0.0001
  augmentation=True, mixup=False(0.0)
  label_smooth=0.1, image_size=256, fold=1
  unfreeze_pct=0.2, finetune_lr=1e-05, finetune_epochs=30
================================================================================
  Diagnostic samples saved to /workspace/DFUMultiClassification/results/visualizations/diagnostic_samples/ (3 classes)
  Alpha values (sum=3.0): [0.848, 0.428, 1.725]
  Trainable weights: 6/320
/venv/multimodal/lib/python3.11/site-packages/keras/src/models/functional.py:241: UserWarning: The structure of `inputs` doesn't match the expected structure.
Expected: depth_rgb_input
Received: inputs=['Tensor(shape=(64, 256, 256, 3))']
  warnings.warn(msg)
/venv/multimodal/lib/python3.11/site-packages/keras/src/models/functional.py:241: UserWarning: The structure of `inputs` doesn't match the expected structure.
Expected: depth_rgb_input
Received: inputs=['Tensor(shape=(None, 256, 256, 3))']
  warnings.warn(msg)
Epoch 42: early stopping
Restoring model weights from the end of the best epoch: 27.
  Stage 1 best: val_kappa=0.4935 at epoch 27/42
  Stage 2: unfreezing top 20% (48/239 layers)
Epoch 11: early stopping
Restoring model weights from the end of the best epoch: 1.
  Stage 2 best: val_kappa=0.4291 at epoch 11/11
/venv/multimodal/lib/python3.11/site-packages/keras/src/models/functional.py:241: UserWarning: The structure of `inputs` doesn't match the expected structure.
Expected: depth_rgb_input
Received: inputs=['Tensor(shape=(32, 256, 256, 3))']
  warnings.warn(msg)

  POST-EVAL: kappa=0.3537, acc=0.5326, f1=0.5070
  Confusion matrix:
[[119  53  27]
 [128 198  68]
 [  9  38  51]]
  Time: 238s

================================================================================
CONFIG: TOP5_1_fold3
  backbone=EfficientNetB0, freeze=frozen
  head=[256], dropout=0.3, bn=True, l2=0.0
  loss=focal, gamma=2.0, alpha_sum=3.0
  lr=0.001, epochs=50, batch=64
  lr_schedule=plateau, warmup=0
  optimizer=adam, weight_decay=0.0001
  augmentation=True, mixup=False(0.0)
  label_smooth=0.1, image_size=256, fold=2
  unfreeze_pct=0.2, finetune_lr=1e-05, finetune_epochs=30
================================================================================
  Diagnostic samples saved to /workspace/DFUMultiClassification/results/visualizations/diagnostic_samples/ (3 classes)
  Alpha values (sum=3.0): [0.856, 0.432, 1.712]
  Trainable weights: 6/320
/venv/multimodal/lib/python3.11/site-packages/keras/src/models/functional.py:241: UserWarning: The structure of `inputs` doesn't match the expected structure.
Expected: depth_rgb_input
Received: inputs=['Tensor(shape=(64, 256, 256, 3))']
  warnings.warn(msg)
/venv/multimodal/lib/python3.11/site-packages/keras/src/models/functional.py:241: UserWarning: The structure of `inputs` doesn't match the expected structure.
Expected: depth_rgb_input
Received: inputs=['Tensor(shape=(None, 256, 256, 3))']
  warnings.warn(msg)
Epoch 46: early stopping
Restoring model weights from the end of the best epoch: 31.
  Stage 1 best: val_kappa=0.3065 at epoch 31/46
  Stage 2: unfreezing top 20% (48/239 layers)
Epoch 11: early stopping
Restoring model weights from the end of the best epoch: 1.
  Stage 2 best: val_kappa=0.2777 at epoch 1/11
/venv/multimodal/lib/python3.11/site-packages/keras/src/models/functional.py:241: UserWarning: The structure of `inputs` doesn't match the expected structure.
Expected: depth_rgb_input
Received: inputs=['Tensor(shape=(32, 256, 256, 3))']
  warnings.warn(msg)

  POST-EVAL: kappa=0.2092, acc=0.4616, f1=0.3954
  Confusion matrix:
[[102  87   8]
 [140 198  55]
 [ 25  57  19]]
  Time: 255s

================================================================================
CONFIG: TOP5_1_fold4
  backbone=EfficientNetB0, freeze=frozen
  head=[256], dropout=0.3, bn=True, l2=0.0
  loss=focal, gamma=2.0, alpha_sum=3.0
  lr=0.001, epochs=50, batch=64
  lr_schedule=plateau, warmup=0
  optimizer=adam, weight_decay=0.0001
  augmentation=True, mixup=False(0.0)
  label_smooth=0.1, image_size=256, fold=3
  unfreeze_pct=0.2, finetune_lr=1e-05, finetune_epochs=30
================================================================================
  Diagnostic samples saved to /workspace/DFUMultiClassification/results/visualizations/diagnostic_samples/ (3 classes)
  Alpha values (sum=3.0): [0.858, 0.431, 1.712]
  Trainable weights: 6/320
/venv/multimodal/lib/python3.11/site-packages/keras/src/models/functional.py:241: UserWarning: The structure of `inputs` doesn't match the expected structure.
Expected: depth_rgb_input
Received: inputs=['Tensor(shape=(64, 256, 256, 3))']
  warnings.warn(msg)
/venv/multimodal/lib/python3.11/site-packages/keras/src/models/functional.py:241: UserWarning: The structure of `inputs` doesn't match the expected structure.
Expected: depth_rgb_input
Received: inputs=['Tensor(shape=(None, 256, 256, 3))']
  warnings.warn(msg)
Epoch 35: early stopping
Restoring model weights from the end of the best epoch: 20.
  Stage 1 best: val_kappa=0.3690 at epoch 20/35
  Stage 2: unfreezing top 20% (48/239 layers)
Epoch 11: early stopping
Restoring model weights from the end of the best epoch: 1.
  Stage 2 best: val_kappa=0.2873 at epoch 1/11
/venv/multimodal/lib/python3.11/site-packages/keras/src/models/functional.py:241: UserWarning: The structure of `inputs` doesn't match the expected structure.
Expected: depth_rgb_input
Received: inputs=['Tensor(shape=(32, 256, 256, 3))']
  warnings.warn(msg)

  POST-EVAL: kappa=0.2873, acc=0.4092, f1=0.4027
  Confusion matrix:
[[59 45 16]
 [61 77 97]
 [12 13 33]]
  Time: 209s

================================================================================
CONFIG: TOP5_1_fold5
  backbone=EfficientNetB0, freeze=frozen
  head=[256], dropout=0.3, bn=True, l2=0.0
  loss=focal, gamma=2.0, alpha_sum=3.0
  lr=0.001, epochs=50, batch=64
  lr_schedule=plateau, warmup=0
  optimizer=adam, weight_decay=0.0001
  augmentation=True, mixup=False(0.0)
  label_smooth=0.1, image_size=256, fold=4
  unfreeze_pct=0.2, finetune_lr=1e-05, finetune_epochs=30
================================================================================
  Diagnostic samples saved to /workspace/DFUMultiClassification/results/visualizations/diagnostic_samples/ (3 classes)
  Alpha values (sum=3.0): [0.853, 0.431, 1.717]
  Trainable weights: 6/320
/venv/multimodal/lib/python3.11/site-packages/keras/src/models/functional.py:241: UserWarning: The structure of `inputs` doesn't match the expected structure.
Expected: depth_rgb_input
Received: inputs=['Tensor(shape=(64, 256, 256, 3))']
  warnings.warn(msg)
/venv/multimodal/lib/python3.11/site-packages/keras/src/models/functional.py:241: UserWarning: The structure of `inputs` doesn't match the expected structure.
Expected: depth_rgb_input
Received: inputs=['Tensor(shape=(None, 256, 256, 3))']
  warnings.warn(msg)
Epoch 21: early stopping
Restoring model weights from the end of the best epoch: 6.
  Stage 1 best: val_kappa=0.3764 at epoch 6/21
  Stage 2: unfreezing top 20% (48/239 layers)
Epoch 17: early stopping
Restoring model weights from the end of the best epoch: 7.
  Stage 2 best: val_kappa=0.3909 at epoch 7/17
/venv/multimodal/lib/python3.11/site-packages/keras/src/models/functional.py:241: UserWarning: The structure of `inputs` doesn't match the expected structure.
Expected: depth_rgb_input
Received: inputs=['Tensor(shape=(32, 256, 256, 3))']
  warnings.warn(msg)

  POST-EVAL: kappa=0.3909, acc=0.5738, f1=0.5058
  Confusion matrix:
[[ 70  42   6]
 [ 63 150  23]
 [  3  39  17]]
  Time: 177s

  BEST from this round: R4_lr1e3_b64_plateau (kappa=0.4394, s1_kappa=0.4090)

================================================================================
CONFIG: TOP5_2_fold1
  backbone=EfficientNetB0, freeze=frozen
  head=[256], dropout=0.3, bn=True, l2=0.0
  loss=focal, gamma=2.0, alpha_sum=3.0
  lr=0.001, epochs=50, batch=64
  lr_schedule=plateau, warmup=0
  optimizer=adam, weight_decay=0.0
  augmentation=True, mixup=False(0.0)
  label_smooth=0.1, image_size=256, fold=0
  unfreeze_pct=0.2, finetune_lr=1e-05, finetune_epochs=30
================================================================================
  Diagnostic samples saved to /workspace/DFUMultiClassification/results/visualizations/diagnostic_samples/ (3 classes)
  Alpha values (sum=3.0): [0.854, 0.43, 1.716]
  Trainable weights: 6/320
/venv/multimodal/lib/python3.11/site-packages/keras/src/models/functional.py:241: UserWarning: The structure of `inputs` doesn't match the expected structure.
Expected: depth_rgb_input
Received: inputs=['Tensor(shape=(64, 256, 256, 3))']
  warnings.warn(msg)
/venv/multimodal/lib/python3.11/site-packages/keras/src/models/functional.py:241: UserWarning: The structure of `inputs` doesn't match the expected structure.
Expected: depth_rgb_input
Received: inputs=['Tensor(shape=(None, 256, 256, 3))']
  warnings.warn(msg)
Epoch 32: early stopping
Restoring model weights from the end of the best epoch: 17.
  Stage 1 best: val_kappa=0.4436 at epoch 17/32
  Stage 2: unfreezing top 20% (48/239 layers)
Epoch 12: early stopping
Restoring model weights from the end of the best epoch: 2.
  Stage 2 best: val_kappa=0.3698 at epoch 2/12
/venv/multimodal/lib/python3.11/site-packages/keras/src/models/functional.py:241: UserWarning: The structure of `inputs` doesn't match the expected structure.
Expected: depth_rgb_input
Received: inputs=['Tensor(shape=(32, 256, 256, 3))']
  warnings.warn(msg)

  POST-EVAL: kappa=0.3299, acc=0.4696, f1=0.4559
  Confusion matrix:
[[149  43   7]
 [206 135  53]
 [ 26  31  40]]
  Time: 201s

================================================================================
CONFIG: TOP5_2_fold2
  backbone=EfficientNetB0, freeze=frozen
  head=[256], dropout=0.3, bn=True, l2=0.0
  loss=focal, gamma=2.0, alpha_sum=3.0
  lr=0.001, epochs=50, batch=64
  lr_schedule=plateau, warmup=0
  optimizer=adam, weight_decay=0.0
  augmentation=True, mixup=False(0.0)
  label_smooth=0.1, image_size=256, fold=1
  unfreeze_pct=0.2, finetune_lr=1e-05, finetune_epochs=30
================================================================================
  Diagnostic samples saved to /workspace/DFUMultiClassification/results/visualizations/diagnostic_samples/ (3 classes)
  Alpha values (sum=3.0): [0.848, 0.428, 1.725]
  Trainable weights: 6/320
/venv/multimodal/lib/python3.11/site-packages/keras/src/models/functional.py:241: UserWarning: The structure of `inputs` doesn't match the expected structure.
Expected: depth_rgb_input
Received: inputs=['Tensor(shape=(64, 256, 256, 3))']
  warnings.warn(msg)
/venv/multimodal/lib/python3.11/site-packages/keras/src/models/functional.py:241: UserWarning: The structure of `inputs` doesn't match the expected structure.
Expected: depth_rgb_input
Received: inputs=['Tensor(shape=(None, 256, 256, 3))']
  warnings.warn(msg)
Epoch 42: early stopping
Restoring model weights from the end of the best epoch: 27.
  Stage 1 best: val_kappa=0.4935 at epoch 27/42
  Stage 2: unfreezing top 20% (48/239 layers)
Epoch 11: early stopping
Restoring model weights from the end of the best epoch: 1.
  Stage 2 best: val_kappa=0.4291 at epoch 11/11
/venv/multimodal/lib/python3.11/site-packages/keras/src/models/functional.py:241: UserWarning: The structure of `inputs` doesn't match the expected structure.
Expected: depth_rgb_input
Received: inputs=['Tensor(shape=(32, 256, 256, 3))']
  warnings.warn(msg)

  POST-EVAL: kappa=0.3537, acc=0.5326, f1=0.5070
  Confusion matrix:
[[119  53  27]
 [128 198  68]
 [  9  38  51]]
  Time: 239s

================================================================================
CONFIG: TOP5_2_fold3
  backbone=EfficientNetB0, freeze=frozen
  head=[256], dropout=0.3, bn=True, l2=0.0
  loss=focal, gamma=2.0, alpha_sum=3.0
  lr=0.001, epochs=50, batch=64
  lr_schedule=plateau, warmup=0
  optimizer=adam, weight_decay=0.0
  augmentation=True, mixup=False(0.0)
  label_smooth=0.1, image_size=256, fold=2
  unfreeze_pct=0.2, finetune_lr=1e-05, finetune_epochs=30
================================================================================
  Diagnostic samples saved to /workspace/DFUMultiClassification/results/visualizations/diagnostic_samples/ (3 classes)
  Alpha values (sum=3.0): [0.856, 0.432, 1.712]
  Trainable weights: 6/320
/venv/multimodal/lib/python3.11/site-packages/keras/src/models/functional.py:241: UserWarning: The structure of `inputs` doesn't match the expected structure.
Expected: depth_rgb_input
Received: inputs=['Tensor(shape=(64, 256, 256, 3))']
  warnings.warn(msg)
/venv/multimodal/lib/python3.11/site-packages/keras/src/models/functional.py:241: UserWarning: The structure of `inputs` doesn't match the expected structure.
Expected: depth_rgb_input
Received: inputs=['Tensor(shape=(None, 256, 256, 3))']
  warnings.warn(msg)
Epoch 20: early stopping
Restoring model weights from the end of the best epoch: 5.
  Stage 1 best: val_kappa=0.2726 at epoch 5/20
  Stage 2: unfreezing top 20% (48/239 layers)
Epoch 12: early stopping
Restoring model weights from the end of the best epoch: 2.
  Stage 2 best: val_kappa=0.2860 at epoch 2/12
/venv/multimodal/lib/python3.11/site-packages/keras/src/models/functional.py:241: UserWarning: The structure of `inputs` doesn't match the expected structure.
Expected: depth_rgb_input
Received: inputs=['Tensor(shape=(32, 256, 256, 3))']
  warnings.warn(msg)

  POST-EVAL: kappa=0.1589, acc=0.5123, f1=0.4110
  Confusion matrix:
[[ 64 124   9]
 [ 98 270  25]
 [ 18  63  20]]
  Time: 154s

================================================================================
CONFIG: TOP5_2_fold4
  backbone=EfficientNetB0, freeze=frozen
  head=[256], dropout=0.3, bn=True, l2=0.0
  loss=focal, gamma=2.0, alpha_sum=3.0
  lr=0.001, epochs=50, batch=64
  lr_schedule=plateau, warmup=0
  optimizer=adam, weight_decay=0.0
  augmentation=True, mixup=False(0.0)
  label_smooth=0.1, image_size=256, fold=3
  unfreeze_pct=0.2, finetune_lr=1e-05, finetune_epochs=30
================================================================================
  Diagnostic samples saved to /workspace/DFUMultiClassification/results/visualizations/diagnostic_samples/ (3 classes)
  Alpha values (sum=3.0): [0.858, 0.431, 1.712]
  Trainable weights: 6/320
/venv/multimodal/lib/python3.11/site-packages/keras/src/models/functional.py:241: UserWarning: The structure of `inputs` doesn't match the expected structure.
Expected: depth_rgb_input
Received: inputs=['Tensor(shape=(64, 256, 256, 3))']
  warnings.warn(msg)
/venv/multimodal/lib/python3.11/site-packages/keras/src/models/functional.py:241: UserWarning: The structure of `inputs` doesn't match the expected structure.
Expected: depth_rgb_input
Received: inputs=['Tensor(shape=(None, 256, 256, 3))']
  warnings.warn(msg)
Epoch 42: early stopping
Restoring model weights from the end of the best epoch: 27.
  Stage 1 best: val_kappa=0.3615 at epoch 27/42
  Stage 2: unfreezing top 20% (48/239 layers)
Epoch 11: early stopping
Restoring model weights from the end of the best epoch: 1.
  Stage 2 best: val_kappa=0.2701 at epoch 1/11
/venv/multimodal/lib/python3.11/site-packages/keras/src/models/functional.py:241: UserWarning: The structure of `inputs` doesn't match the expected structure.
Expected: depth_rgb_input
Received: inputs=['Tensor(shape=(32, 256, 256, 3))']
  warnings.warn(msg)

  POST-EVAL: kappa=0.2701, acc=0.4092, f1=0.3990
  Confusion matrix:
[[70 34 16]
 [87 70 78]
 [14 15 29]]
  Time: 234s

================================================================================
CONFIG: TOP5_2_fold5
  backbone=EfficientNetB0, freeze=frozen
  head=[256], dropout=0.3, bn=True, l2=0.0
  loss=focal, gamma=2.0, alpha_sum=3.0
  lr=0.001, epochs=50, batch=64
  lr_schedule=plateau, warmup=0
  optimizer=adam, weight_decay=0.0
  augmentation=True, mixup=False(0.0)
  label_smooth=0.1, image_size=256, fold=4
  unfreeze_pct=0.2, finetune_lr=1e-05, finetune_epochs=30
================================================================================
  Diagnostic samples saved to /workspace/DFUMultiClassification/results/visualizations/diagnostic_samples/ (3 classes)
  Alpha values (sum=3.0): [0.853, 0.431, 1.717]
  Trainable weights: 6/320
/venv/multimodal/lib/python3.11/site-packages/keras/src/models/functional.py:241: UserWarning: The structure of `inputs` doesn't match the expected structure.
Expected: depth_rgb_input
Received: inputs=['Tensor(shape=(64, 256, 256, 3))']
  warnings.warn(msg)
/venv/multimodal/lib/python3.11/site-packages/keras/src/models/functional.py:241: UserWarning: The structure of `inputs` doesn't match the expected structure.
Expected: depth_rgb_input
Received: inputs=['Tensor(shape=(None, 256, 256, 3))']
  warnings.warn(msg)
Epoch 21: early stopping
Restoring model weights from the end of the best epoch: 6.
  Stage 1 best: val_kappa=0.3527 at epoch 6/21
  Stage 2: unfreezing top 20% (48/239 layers)
Epoch 11: early stopping
Restoring model weights from the end of the best epoch: 1.
  Stage 2 best: val_kappa=0.3618 at epoch 1/11
/venv/multimodal/lib/python3.11/site-packages/keras/src/models/functional.py:241: UserWarning: The structure of `inputs` doesn't match the expected structure.
Expected: depth_rgb_input
Received: inputs=['Tensor(shape=(32, 256, 256, 3))']
  warnings.warn(msg)

  POST-EVAL: kappa=0.3618, acc=0.5763, f1=0.4777
  Confusion matrix:
[[ 70  48   0]
 [ 76 159   1]
 [  5  45   9]]
  Time: 152s

  BEST from this round: R4_lr1e3_b64_cosine (kappa=0.4385, s1_kappa=0.4262)

================================================================================
CONFIG: TOP5_3_fold1
  backbone=EfficientNetB0, freeze=frozen
  head=[256], dropout=0.3, bn=True, l2=0.0
  loss=focal, gamma=2.0, alpha_sum=3.0
  lr=0.001, epochs=60, batch=64
  lr_schedule=cosine, warmup=5
  optimizer=adam, weight_decay=0.0
  augmentation=True, mixup=False(0.0)
  label_smooth=0.1, image_size=256, fold=0
  unfreeze_pct=0.2, finetune_lr=1e-05, finetune_epochs=30
================================================================================
  Diagnostic samples saved to /workspace/DFUMultiClassification/results/visualizations/diagnostic_samples/ (3 classes)
  Alpha values (sum=3.0): [0.854, 0.43, 1.716]
  Trainable weights: 6/320
/venv/multimodal/lib/python3.11/site-packages/keras/src/models/functional.py:241: UserWarning: The structure of `inputs` doesn't match the expected structure.
Expected: depth_rgb_input
Received: inputs=['Tensor(shape=(64, 256, 256, 3))']
  warnings.warn(msg)
/venv/multimodal/lib/python3.11/site-packages/keras/src/models/functional.py:241: UserWarning: The structure of `inputs` doesn't match the expected structure.
Expected: depth_rgb_input
Received: inputs=['Tensor(shape=(None, 256, 256, 3))']
  warnings.warn(msg)
Epoch 29: early stopping
Restoring model weights from the end of the best epoch: 14.
  Stage 1 best: val_kappa=0.4112 at epoch 14/29
  Stage 2: unfreezing top 20% (48/239 layers)
Epoch 11: early stopping
Restoring model weights from the end of the best epoch: 1.
  Stage 2 best: val_kappa=0.4370 at epoch 1/11
/venv/multimodal/lib/python3.11/site-packages/keras/src/models/functional.py:241: UserWarning: The structure of `inputs` doesn't match the expected structure.
Expected: depth_rgb_input
Received: inputs=['Tensor(shape=(32, 256, 256, 3))']
  warnings.warn(msg)

  POST-EVAL: kappa=0.4078, acc=0.4275, f1=0.4297
  Confusion matrix:
[[135  44  20]
 [144  85 165]
 [ 14   8  75]]
  Time: 189s

================================================================================
CONFIG: TOP5_3_fold2
  backbone=EfficientNetB0, freeze=frozen
  head=[256], dropout=0.3, bn=True, l2=0.0
  loss=focal, gamma=2.0, alpha_sum=3.0
  lr=0.001, epochs=60, batch=64
  lr_schedule=cosine, warmup=5
  optimizer=adam, weight_decay=0.0
  augmentation=True, mixup=False(0.0)
  label_smooth=0.1, image_size=256, fold=1
  unfreeze_pct=0.2, finetune_lr=1e-05, finetune_epochs=30
================================================================================
  Diagnostic samples saved to /workspace/DFUMultiClassification/results/visualizations/diagnostic_samples/ (3 classes)
  Alpha values (sum=3.0): [0.848, 0.428, 1.725]
  Trainable weights: 6/320
/venv/multimodal/lib/python3.11/site-packages/keras/src/models/functional.py:241: UserWarning: The structure of `inputs` doesn't match the expected structure.
Expected: depth_rgb_input
Received: inputs=['Tensor(shape=(64, 256, 256, 3))']
  warnings.warn(msg)
/venv/multimodal/lib/python3.11/site-packages/keras/src/models/functional.py:241: UserWarning: The structure of `inputs` doesn't match the expected structure.
Expected: depth_rgb_input
Received: inputs=['Tensor(shape=(None, 256, 256, 3))']
  warnings.warn(msg)
Epoch 36: early stopping
Restoring model weights from the end of the best epoch: 21.
  Stage 1 best: val_kappa=0.4819 at epoch 21/36
  Stage 2: unfreezing top 20% (48/239 layers)
Epoch 16: early stopping
Restoring model weights from the end of the best epoch: 6.
  Stage 2 best: val_kappa=0.4457 at epoch 6/16
/venv/multimodal/lib/python3.11/site-packages/keras/src/models/functional.py:241: UserWarning: The structure of `inputs` doesn't match the expected structure.
Expected: depth_rgb_input
Received: inputs=['Tensor(shape=(32, 256, 256, 3))']
  warnings.warn(msg)

  POST-EVAL: kappa=0.3432, acc=0.5297, f1=0.5064
  Confusion matrix:
[[113  53  33]
 [131 199  64]
 [  5  39  54]]
  Time: 229s

================================================================================
CONFIG: TOP5_3_fold3
  backbone=EfficientNetB0, freeze=frozen
  head=[256], dropout=0.3, bn=True, l2=0.0
  loss=focal, gamma=2.0, alpha_sum=3.0
  lr=0.001, epochs=60, batch=64
  lr_schedule=cosine, warmup=5
  optimizer=adam, weight_decay=0.0
  augmentation=True, mixup=False(0.0)
  label_smooth=0.1, image_size=256, fold=2
  unfreeze_pct=0.2, finetune_lr=1e-05, finetune_epochs=30
================================================================================
  Diagnostic samples saved to /workspace/DFUMultiClassification/results/visualizations/diagnostic_samples/ (3 classes)
  Alpha values (sum=3.0): [0.856, 0.432, 1.712]
  Trainable weights: 6/320
/venv/multimodal/lib/python3.11/site-packages/keras/src/models/functional.py:241: UserWarning: The structure of `inputs` doesn't match the expected structure.
Expected: depth_rgb_input
Received: inputs=['Tensor(shape=(64, 256, 256, 3))']
  warnings.warn(msg)
/venv/multimodal/lib/python3.11/site-packages/keras/src/models/functional.py:241: UserWarning: The structure of `inputs` doesn't match the expected structure.
Expected: depth_rgb_input
Received: inputs=['Tensor(shape=(None, 256, 256, 3))']
  warnings.warn(msg)
Epoch 39: early stopping
Restoring model weights from the end of the best epoch: 24.
  Stage 1 best: val_kappa=0.3068 at epoch 24/39
  Stage 2: unfreezing top 20% (48/239 layers)
Epoch 12: early stopping
Restoring model weights from the end of the best epoch: 2.
  Stage 2 best: val_kappa=0.2666 at epoch 2/12
/venv/multimodal/lib/python3.11/site-packages/keras/src/models/functional.py:241: UserWarning: The structure of `inputs` doesn't match the expected structure.
Expected: depth_rgb_input
Received: inputs=['Tensor(shape=(32, 256, 256, 3))']
  warnings.warn(msg)

  POST-EVAL: kappa=0.2345, acc=0.4370, f1=0.4115
  Confusion matrix:
[[114  68  15]
 [163 152  78]
 [ 30  35  36]]
  Time: 229s

================================================================================
CONFIG: TOP5_3_fold4
  backbone=EfficientNetB0, freeze=frozen
  head=[256], dropout=0.3, bn=True, l2=0.0
  loss=focal, gamma=2.0, alpha_sum=3.0
  lr=0.001, epochs=60, batch=64
  lr_schedule=cosine, warmup=5
  optimizer=adam, weight_decay=0.0
  augmentation=True, mixup=False(0.0)
  label_smooth=0.1, image_size=256, fold=3
  unfreeze_pct=0.2, finetune_lr=1e-05, finetune_epochs=30
================================================================================
  Diagnostic samples saved to /workspace/DFUMultiClassification/results/visualizations/diagnostic_samples/ (3 classes)
  Alpha values (sum=3.0): [0.858, 0.431, 1.712]
  Trainable weights: 6/320
/venv/multimodal/lib/python3.11/site-packages/keras/src/models/functional.py:241: UserWarning: The structure of `inputs` doesn't match the expected structure.
Expected: depth_rgb_input
Received: inputs=['Tensor(shape=(64, 256, 256, 3))']
  warnings.warn(msg)
/venv/multimodal/lib/python3.11/site-packages/keras/src/models/functional.py:241: UserWarning: The structure of `inputs` doesn't match the expected structure.
Expected: depth_rgb_input
Received: inputs=['Tensor(shape=(None, 256, 256, 3))']
  warnings.warn(msg)
Restoring model weights from the end of the best epoch: 50.
  Stage 1 best: val_kappa=0.3378 at epoch 50/60
  Stage 2: unfreezing top 20% (48/239 layers)
Epoch 11: early stopping
Restoring model weights from the end of the best epoch: 1.
  Stage 2 best: val_kappa=0.2483 at epoch 1/11
/venv/multimodal/lib/python3.11/site-packages/keras/src/models/functional.py:241: UserWarning: The structure of `inputs` doesn't match the expected structure.
Expected: depth_rgb_input
Received: inputs=['Tensor(shape=(32, 256, 256, 3))']
  warnings.warn(msg)

  POST-EVAL: kappa=0.2483, acc=0.3535, f1=0.3518
  Confusion matrix:
[[ 71  22  27]
 [ 90  37 108]
 [ 16   4  38]]
  Time: 306s

================================================================================
CONFIG: TOP5_3_fold5
  backbone=EfficientNetB0, freeze=frozen
  head=[256], dropout=0.3, bn=True, l2=0.0
  loss=focal, gamma=2.0, alpha_sum=3.0
  lr=0.001, epochs=60, batch=64
  lr_schedule=cosine, warmup=5
  optimizer=adam, weight_decay=0.0
  augmentation=True, mixup=False(0.0)
  label_smooth=0.1, image_size=256, fold=4
  unfreeze_pct=0.2, finetune_lr=1e-05, finetune_epochs=30
================================================================================
  Diagnostic samples saved to /workspace/DFUMultiClassification/results/visualizations/diagnostic_samples/ (3 classes)
  Alpha values (sum=3.0): [0.853, 0.431, 1.717]
  Trainable weights: 6/320
/venv/multimodal/lib/python3.11/site-packages/keras/src/models/functional.py:241: UserWarning: The structure of `inputs` doesn't match the expected structure.
Expected: depth_rgb_input
Received: inputs=['Tensor(shape=(64, 256, 256, 3))']
  warnings.warn(msg)
/venv/multimodal/lib/python3.11/site-packages/keras/src/models/functional.py:241: UserWarning: The structure of `inputs` doesn't match the expected structure.
Expected: depth_rgb_input
Received: inputs=['Tensor(shape=(None, 256, 256, 3))']
  warnings.warn(msg)
Epoch 27: early stopping
Restoring model weights from the end of the best epoch: 12.
  Stage 1 best: val_kappa=0.2789 at epoch 12/27
  Stage 2: unfreezing top 20% (48/239 layers)
Epoch 16: early stopping
Restoring model weights from the end of the best epoch: 6.
  Stage 2 best: val_kappa=0.3630 at epoch 6/16
/venv/multimodal/lib/python3.11/site-packages/keras/src/models/functional.py:241: UserWarning: The structure of `inputs` doesn't match the expected structure.
Expected: depth_rgb_input
Received: inputs=['Tensor(shape=(32, 256, 256, 3))']
  warnings.warn(msg)

  POST-EVAL: kappa=0.3630, acc=0.5811, f1=0.4998
  Confusion matrix:
[[ 56  59   3]
 [ 45 167  24]
 [  5  37  17]]
  Time: 197s

  BEST from this round: R6_ft_top20_50ep (kappa=0.4332, s1_kappa=0.4090)

================================================================================
CONFIG: TOP5_4_fold1
  backbone=EfficientNetB0, freeze=frozen
  head=[256], dropout=0.3, bn=True, l2=0.0
  loss=focal, gamma=2.0, alpha_sum=3.0
  lr=0.001, epochs=50, batch=64
  lr_schedule=plateau, warmup=0
  optimizer=adam, weight_decay=0.0
  augmentation=True, mixup=False(0.0)
  label_smooth=0.1, image_size=256, fold=0
  unfreeze_pct=0.2, finetune_lr=1e-05, finetune_epochs=50
================================================================================
  Diagnostic samples saved to /workspace/DFUMultiClassification/results/visualizations/diagnostic_samples/ (3 classes)
  Alpha values (sum=3.0): [0.854, 0.43, 1.716]
  Trainable weights: 6/320
/venv/multimodal/lib/python3.11/site-packages/keras/src/models/functional.py:241: UserWarning: The structure of `inputs` doesn't match the expected structure.
Expected: depth_rgb_input
Received: inputs=['Tensor(shape=(64, 256, 256, 3))']
  warnings.warn(msg)
/venv/multimodal/lib/python3.11/site-packages/keras/src/models/functional.py:241: UserWarning: The structure of `inputs` doesn't match the expected structure.
Expected: depth_rgb_input
Received: inputs=['Tensor(shape=(None, 256, 256, 3))']
  warnings.warn(msg)
Epoch 30: early stopping
Restoring model weights from the end of the best epoch: 15.
  Stage 1 best: val_kappa=0.4370 at epoch 15/30
  Stage 2: unfreezing top 20% (48/239 layers)
Epoch 11: early stopping
Restoring model weights from the end of the best epoch: 1.
  Stage 2 best: val_kappa=0.4135 at epoch 1/11
/venv/multimodal/lib/python3.11/site-packages/keras/src/models/functional.py:241: UserWarning: The structure of `inputs` doesn't match the expected structure.
Expected: depth_rgb_input
Received: inputs=['Tensor(shape=(32, 256, 256, 3))']
  warnings.warn(msg)

  POST-EVAL: kappa=0.3765, acc=0.5058, f1=0.4805
  Confusion matrix:
[[127  66   6]
 [141 180  73]
 [ 16  39  42]]
  Time: 190s

================================================================================
CONFIG: TOP5_4_fold2
  backbone=EfficientNetB0, freeze=frozen
  head=[256], dropout=0.3, bn=True, l2=0.0
  loss=focal, gamma=2.0, alpha_sum=3.0
  lr=0.001, epochs=50, batch=64
  lr_schedule=plateau, warmup=0
  optimizer=adam, weight_decay=0.0
  augmentation=True, mixup=False(0.0)
  label_smooth=0.1, image_size=256, fold=1
  unfreeze_pct=0.2, finetune_lr=1e-05, finetune_epochs=50
================================================================================
  Diagnostic samples saved to /workspace/DFUMultiClassification/results/visualizations/diagnostic_samples/ (3 classes)
  Alpha values (sum=3.0): [0.848, 0.428, 1.725]
  Trainable weights: 6/320
/venv/multimodal/lib/python3.11/site-packages/keras/src/models/functional.py:241: UserWarning: The structure of `inputs` doesn't match the expected structure.
Expected: depth_rgb_input
Received: inputs=['Tensor(shape=(64, 256, 256, 3))']
  warnings.warn(msg)
/venv/multimodal/lib/python3.11/site-packages/keras/src/models/functional.py:241: UserWarning: The structure of `inputs` doesn't match the expected structure.
Expected: depth_rgb_input
Received: inputs=['Tensor(shape=(None, 256, 256, 3))']
  warnings.warn(msg)
Epoch 42: early stopping
Restoring model weights from the end of the best epoch: 27.
  Stage 1 best: val_kappa=0.4935 at epoch 27/42
  Stage 2: unfreezing top 20% (48/239 layers)
Epoch 11: early stopping
Restoring model weights from the end of the best epoch: 1.
  Stage 2 best: val_kappa=0.4291 at epoch 11/11
/venv/multimodal/lib/python3.11/site-packages/keras/src/models/functional.py:241: UserWarning: The structure of `inputs` doesn't match the expected structure.
Expected: depth_rgb_input
Received: inputs=['Tensor(shape=(32, 256, 256, 3))']
  warnings.warn(msg)

  POST-EVAL: kappa=0.3537, acc=0.5326, f1=0.5070
  Confusion matrix:
[[119  53  27]
 [128 198  68]
 [  9  38  51]]
  Time: 237s

================================================================================
CONFIG: TOP5_4_fold3
  backbone=EfficientNetB0, freeze=frozen
  head=[256], dropout=0.3, bn=True, l2=0.0
  loss=focal, gamma=2.0, alpha_sum=3.0
  lr=0.001, epochs=50, batch=64
  lr_schedule=plateau, warmup=0
  optimizer=adam, weight_decay=0.0
  augmentation=True, mixup=False(0.0)
  label_smooth=0.1, image_size=256, fold=2
  unfreeze_pct=0.2, finetune_lr=1e-05, finetune_epochs=50
================================================================================
  Diagnostic samples saved to /workspace/DFUMultiClassification/results/visualizations/diagnostic_samples/ (3 classes)
  Alpha values (sum=3.0): [0.856, 0.432, 1.712]
  Trainable weights: 6/320
/venv/multimodal/lib/python3.11/site-packages/keras/src/models/functional.py:241: UserWarning: The structure of `inputs` doesn't match the expected structure.
Expected: depth_rgb_input
Received: inputs=['Tensor(shape=(64, 256, 256, 3))']
  warnings.warn(msg)
/venv/multimodal/lib/python3.11/site-packages/keras/src/models/functional.py:241: UserWarning: The structure of `inputs` doesn't match the expected structure.
Expected: depth_rgb_input
Received: inputs=['Tensor(shape=(None, 256, 256, 3))']
  warnings.warn(msg)
Epoch 25: early stopping
Restoring model weights from the end of the best epoch: 10.
  Stage 1 best: val_kappa=0.2734 at epoch 23/25
  Stage 2: unfreezing top 20% (48/239 layers)
Epoch 11: early stopping
Restoring model weights from the end of the best epoch: 1.
  Stage 2 best: val_kappa=0.3313 at epoch 1/11
/venv/multimodal/lib/python3.11/site-packages/keras/src/models/functional.py:241: UserWarning: The structure of `inputs` doesn't match the expected structure.
Expected: depth_rgb_input
Received: inputs=['Tensor(shape=(32, 256, 256, 3))']
  warnings.warn(msg)

  POST-EVAL: kappa=0.2963, acc=0.5528, f1=0.4584
  Confusion matrix:
[[ 69 117  11]
 [ 72 286  35]
 [  2  72  27]]
  Time: 170s

================================================================================
CONFIG: TOP5_4_fold4
  backbone=EfficientNetB0, freeze=frozen
  head=[256], dropout=0.3, bn=True, l2=0.0
  loss=focal, gamma=2.0, alpha_sum=3.0
  lr=0.001, epochs=50, batch=64
  lr_schedule=plateau, warmup=0
  optimizer=adam, weight_decay=0.0
  augmentation=True, mixup=False(0.0)
  label_smooth=0.1, image_size=256, fold=3
  unfreeze_pct=0.2, finetune_lr=1e-05, finetune_epochs=50
================================================================================
  Diagnostic samples saved to /workspace/DFUMultiClassification/results/visualizations/diagnostic_samples/ (3 classes)
  Alpha values (sum=3.0): [0.858, 0.431, 1.712]
  Trainable weights: 6/320
/venv/multimodal/lib/python3.11/site-packages/keras/src/models/functional.py:241: UserWarning: The structure of `inputs` doesn't match the expected structure.
Expected: depth_rgb_input
Received: inputs=['Tensor(shape=(64, 256, 256, 3))']
  warnings.warn(msg)
/venv/multimodal/lib/python3.11/site-packages/keras/src/models/functional.py:241: UserWarning: The structure of `inputs` doesn't match the expected structure.
Expected: depth_rgb_input
Received: inputs=['Tensor(shape=(None, 256, 256, 3))']
  warnings.warn(msg)
Epoch 42: early stopping
Restoring model weights from the end of the best epoch: 27.
  Stage 1 best: val_kappa=0.3615 at epoch 27/42
  Stage 2: unfreezing top 20% (48/239 layers)
Epoch 11: early stopping
Restoring model weights from the end of the best epoch: 1.
  Stage 2 best: val_kappa=0.2701 at epoch 1/11
/venv/multimodal/lib/python3.11/site-packages/keras/src/models/functional.py:241: UserWarning: The structure of `inputs` doesn't match the expected structure.
Expected: depth_rgb_input
Received: inputs=['Tensor(shape=(32, 256, 256, 3))']
  warnings.warn(msg)

  POST-EVAL: kappa=0.2701, acc=0.4092, f1=0.3990
  Confusion matrix:
[[70 34 16]
 [87 70 78]
 [14 15 29]]
  Time: 235s

================================================================================
CONFIG: TOP5_4_fold5
  backbone=EfficientNetB0, freeze=frozen
  head=[256], dropout=0.3, bn=True, l2=0.0
  loss=focal, gamma=2.0, alpha_sum=3.0
  lr=0.001, epochs=50, batch=64
  lr_schedule=plateau, warmup=0
  optimizer=adam, weight_decay=0.0
  augmentation=True, mixup=False(0.0)
  label_smooth=0.1, image_size=256, fold=4
  unfreeze_pct=0.2, finetune_lr=1e-05, finetune_epochs=50
================================================================================
  Diagnostic samples saved to /workspace/DFUMultiClassification/results/visualizations/diagnostic_samples/ (3 classes)
  Alpha values (sum=3.0): [0.853, 0.431, 1.717]
  Trainable weights: 6/320
/venv/multimodal/lib/python3.11/site-packages/keras/src/models/functional.py:241: UserWarning: The structure of `inputs` doesn't match the expected structure.
Expected: depth_rgb_input
Received: inputs=['Tensor(shape=(64, 256, 256, 3))']
  warnings.warn(msg)
/venv/multimodal/lib/python3.11/site-packages/keras/src/models/functional.py:241: UserWarning: The structure of `inputs` doesn't match the expected structure.
Expected: depth_rgb_input
Received: inputs=['Tensor(shape=(None, 256, 256, 3))']
  warnings.warn(msg)
Epoch 21: early stopping
Restoring model weights from the end of the best epoch: 6.
  Stage 1 best: val_kappa=0.3764 at epoch 6/21
  Stage 2: unfreezing top 20% (48/239 layers)
Epoch 17: early stopping
Restoring model weights from the end of the best epoch: 7.
  Stage 2 best: val_kappa=0.3909 at epoch 7/17
/venv/multimodal/lib/python3.11/site-packages/keras/src/models/functional.py:241: UserWarning: The structure of `inputs` doesn't match the expected structure.
Expected: depth_rgb_input
Received: inputs=['Tensor(shape=(32, 256, 256, 3))']
  warnings.warn(msg)

  POST-EVAL: kappa=0.3909, acc=0.5738, f1=0.5058
  Confusion matrix:
[[ 70  42   6]
 [ 63 150  23]
 [  3  39  17]]
  Time: 175s

  BEST from this round: R4_lr1e3_b64_e100 (kappa=0.4280, s1_kappa=0.4090)

================================================================================
CONFIG: TOP5_5_fold1
  backbone=EfficientNetB0, freeze=frozen
  head=[256], dropout=0.3, bn=True, l2=0.0
  loss=focal, gamma=2.0, alpha_sum=3.0
  lr=0.001, epochs=100, batch=64
  lr_schedule=plateau, warmup=0
  optimizer=adam, weight_decay=0.0
  augmentation=True, mixup=False(0.0)
  label_smooth=0.1, image_size=256, fold=0
  unfreeze_pct=0.2, finetune_lr=1e-05, finetune_epochs=30
================================================================================
  Diagnostic samples saved to /workspace/DFUMultiClassification/results/visualizations/diagnostic_samples/ (3 classes)
  Alpha values (sum=3.0): [0.854, 0.43, 1.716]
  Trainable weights: 6/320
/venv/multimodal/lib/python3.11/site-packages/keras/src/models/functional.py:241: UserWarning: The structure of `inputs` doesn't match the expected structure.
Expected: depth_rgb_input
Received: inputs=['Tensor(shape=(64, 256, 256, 3))']
  warnings.warn(msg)
/venv/multimodal/lib/python3.11/site-packages/keras/src/models/functional.py:241: UserWarning: The structure of `inputs` doesn't match the expected structure.
Expected: depth_rgb_input
Received: inputs=['Tensor(shape=(None, 256, 256, 3))']
  warnings.warn(msg)
Epoch 30: early stopping
Restoring model weights from the end of the best epoch: 15.
  Stage 1 best: val_kappa=0.4370 at epoch 15/30
  Stage 2: unfreezing top 20% (48/239 layers)
Epoch 11: early stopping
Restoring model weights from the end of the best epoch: 1.
  Stage 2 best: val_kappa=0.4135 at epoch 1/11
/venv/multimodal/lib/python3.11/site-packages/keras/src/models/functional.py:241: UserWarning: The structure of `inputs` doesn't match the expected structure.
Expected: depth_rgb_input
Received: inputs=['Tensor(shape=(32, 256, 256, 3))']
  warnings.warn(msg)

  POST-EVAL: kappa=0.3765, acc=0.5058, f1=0.4805
  Confusion matrix:
[[127  66   6]
 [141 180  73]
 [ 16  39  42]]
  Time: 189s

================================================================================
CONFIG: TOP5_5_fold2
  backbone=EfficientNetB0, freeze=frozen
  head=[256], dropout=0.3, bn=True, l2=0.0
  loss=focal, gamma=2.0, alpha_sum=3.0
  lr=0.001, epochs=100, batch=64
  lr_schedule=plateau, warmup=0
  optimizer=adam, weight_decay=0.0
  augmentation=True, mixup=False(0.0)
  label_smooth=0.1, image_size=256, fold=1
  unfreeze_pct=0.2, finetune_lr=1e-05, finetune_epochs=30
================================================================================
  Diagnostic samples saved to /workspace/DFUMultiClassification/results/visualizations/diagnostic_samples/ (3 classes)
  Alpha values (sum=3.0): [0.848, 0.428, 1.725]
  Trainable weights: 6/320
/venv/multimodal/lib/python3.11/site-packages/keras/src/models/functional.py:241: UserWarning: The structure of `inputs` doesn't match the expected structure.
Expected: depth_rgb_input
Received: inputs=['Tensor(shape=(64, 256, 256, 3))']
  warnings.warn(msg)
/venv/multimodal/lib/python3.11/site-packages/keras/src/models/functional.py:241: UserWarning: The structure of `inputs` doesn't match the expected structure.
Expected: depth_rgb_input
Received: inputs=['Tensor(shape=(None, 256, 256, 3))']
  warnings.warn(msg)
Epoch 42: early stopping
Restoring model weights from the end of the best epoch: 27.
  Stage 1 best: val_kappa=0.4935 at epoch 27/42
  Stage 2: unfreezing top 20% (48/239 layers)
Epoch 11: early stopping
Restoring model weights from the end of the best epoch: 1.
  Stage 2 best: val_kappa=0.4291 at epoch 11/11
/venv/multimodal/lib/python3.11/site-packages/keras/src/models/functional.py:241: UserWarning: The structure of `inputs` doesn't match the expected structure.
Expected: depth_rgb_input
Received: inputs=['Tensor(shape=(32, 256, 256, 3))']
  warnings.warn(msg)

  POST-EVAL: kappa=0.3537, acc=0.5326, f1=0.5070
  Confusion matrix:
[[119  53  27]
 [128 198  68]
 [  9  38  51]]
  Time: 235s

================================================================================
CONFIG: TOP5_5_fold3
  backbone=EfficientNetB0, freeze=frozen
  head=[256], dropout=0.3, bn=True, l2=0.0
  loss=focal, gamma=2.0, alpha_sum=3.0
  lr=0.001, epochs=100, batch=64
  lr_schedule=plateau, warmup=0
  optimizer=adam, weight_decay=0.0
  augmentation=True, mixup=False(0.0)
  label_smooth=0.1, image_size=256, fold=2
  unfreeze_pct=0.2, finetune_lr=1e-05, finetune_epochs=30
================================================================================
  Diagnostic samples saved to /workspace/DFUMultiClassification/results/visualizations/diagnostic_samples/ (3 classes)
  Alpha values (sum=3.0): [0.856, 0.432, 1.712]
  Trainable weights: 6/320
/venv/multimodal/lib/python3.11/site-packages/keras/src/models/functional.py:241: UserWarning: The structure of `inputs` doesn't match the expected structure.
Expected: depth_rgb_input
Received: inputs=['Tensor(shape=(64, 256, 256, 3))']
  warnings.warn(msg)
/venv/multimodal/lib/python3.11/site-packages/keras/src/models/functional.py:241: UserWarning: The structure of `inputs` doesn't match the expected structure.
Expected: depth_rgb_input
Received: inputs=['Tensor(shape=(None, 256, 256, 3))']
  warnings.warn(msg)
Epoch 20: early stopping
Restoring model weights from the end of the best epoch: 5.
  Stage 1 best: val_kappa=0.2726 at epoch 5/20
  Stage 2: unfreezing top 20% (48/239 layers)
Epoch 12: early stopping
Restoring model weights from the end of the best epoch: 2.
  Stage 2 best: val_kappa=0.2860 at epoch 2/12
/venv/multimodal/lib/python3.11/site-packages/keras/src/models/functional.py:241: UserWarning: The structure of `inputs` doesn't match the expected structure.
Expected: depth_rgb_input
Received: inputs=['Tensor(shape=(32, 256, 256, 3))']
  warnings.warn(msg)

  POST-EVAL: kappa=0.1589, acc=0.5123, f1=0.4110
  Confusion matrix:
[[ 64 124   9]
 [ 98 270  25]
 [ 18  63  20]]
  Time: 154s

================================================================================
CONFIG: TOP5_5_fold4
  backbone=EfficientNetB0, freeze=frozen
  head=[256], dropout=0.3, bn=True, l2=0.0
  loss=focal, gamma=2.0, alpha_sum=3.0
  lr=0.001, epochs=100, batch=64
  lr_schedule=plateau, warmup=0
  optimizer=adam, weight_decay=0.0
  augmentation=True, mixup=False(0.0)
  label_smooth=0.1, image_size=256, fold=3
  unfreeze_pct=0.2, finetune_lr=1e-05, finetune_epochs=30
================================================================================
  Diagnostic samples saved to /workspace/DFUMultiClassification/results/visualizations/diagnostic_samples/ (3 classes)
  Alpha values (sum=3.0): [0.858, 0.431, 1.712]
  Trainable weights: 6/320
/venv/multimodal/lib/python3.11/site-packages/keras/src/models/functional.py:241: UserWarning: The structure of `inputs` doesn't match the expected structure.
Expected: depth_rgb_input
Received: inputs=['Tensor(shape=(64, 256, 256, 3))']
  warnings.warn(msg)
/venv/multimodal/lib/python3.11/site-packages/keras/src/models/functional.py:241: UserWarning: The structure of `inputs` doesn't match the expected structure.
Expected: depth_rgb_input
Received: inputs=['Tensor(shape=(None, 256, 256, 3))']
  warnings.warn(msg)
Epoch 42: early stopping
Restoring model weights from the end of the best epoch: 27.
  Stage 1 best: val_kappa=0.3615 at epoch 27/42
  Stage 2: unfreezing top 20% (48/239 layers)
Epoch 11: early stopping
Restoring model weights from the end of the best epoch: 1.
  Stage 2 best: val_kappa=0.2701 at epoch 1/11
/venv/multimodal/lib/python3.11/site-packages/keras/src/models/functional.py:241: UserWarning: The structure of `inputs` doesn't match the expected structure.
Expected: depth_rgb_input
Received: inputs=['Tensor(shape=(32, 256, 256, 3))']
  warnings.warn(msg)

  POST-EVAL: kappa=0.2701, acc=0.4092, f1=0.3990
  Confusion matrix:
[[70 34 16]
 [87 70 78]
 [14 15 29]]
  Time: 233s

================================================================================
CONFIG: TOP5_5_fold5
  backbone=EfficientNetB0, freeze=frozen
  head=[256], dropout=0.3, bn=True, l2=0.0
  loss=focal, gamma=2.0, alpha_sum=3.0
  lr=0.001, epochs=100, batch=64
  lr_schedule=plateau, warmup=0
  optimizer=adam, weight_decay=0.0
  augmentation=True, mixup=False(0.0)
  label_smooth=0.1, image_size=256, fold=4
  unfreeze_pct=0.2, finetune_lr=1e-05, finetune_epochs=30
================================================================================
  Diagnostic samples saved to /workspace/DFUMultiClassification/results/visualizations/diagnostic_samples/ (3 classes)
  Alpha values (sum=3.0): [0.853, 0.431, 1.717]
  Trainable weights: 6/320
/venv/multimodal/lib/python3.11/site-packages/keras/src/models/functional.py:241: UserWarning: The structure of `inputs` doesn't match the expected structure.
Expected: depth_rgb_input
Received: inputs=['Tensor(shape=(64, 256, 256, 3))']
  warnings.warn(msg)
/venv/multimodal/lib/python3.11/site-packages/keras/src/models/functional.py:241: UserWarning: The structure of `inputs` doesn't match the expected structure.
Expected: depth_rgb_input
Received: inputs=['Tensor(shape=(None, 256, 256, 3))']
  warnings.warn(msg)
Epoch 21: early stopping
Restoring model weights from the end of the best epoch: 6.
  Stage 1 best: val_kappa=0.3764 at epoch 6/21
  Stage 2: unfreezing top 20% (48/239 layers)
Epoch 17: early stopping
Restoring model weights from the end of the best epoch: 7.
  Stage 2 best: val_kappa=0.3909 at epoch 7/17
/venv/multimodal/lib/python3.11/site-packages/keras/src/models/functional.py:241: UserWarning: The structure of `inputs` doesn't match the expected structure.
Expected: depth_rgb_input
Received: inputs=['Tensor(shape=(32, 256, 256, 3))']
  warnings.warn(msg)

  POST-EVAL: kappa=0.3909, acc=0.5738, f1=0.5058
  Confusion matrix:
[[ 70  42   6]
 [ 63 150  23]
 [  3  39  17]]
  Time: 176s

################################################################################
BASELINE: EfficientNetB0 FROZEN ON ALL 5 FOLDS
################################################################################

================================================================================
CONFIG: BASELINE_fold1
  backbone=EfficientNetB0, freeze=frozen
  head=[128], dropout=0.3, bn=True, l2=0.0
  loss=focal, gamma=2.0, alpha_sum=3.0
  lr=0.001, epochs=50, batch=64
  lr_schedule=plateau, warmup=0
  optimizer=adam, weight_decay=0.0001
  augmentation=True, mixup=False(0.2)
  label_smooth=0.0, image_size=256, fold=0
  unfreeze_pct=0.2, finetune_lr=1e-05, finetune_epochs=30
================================================================================
  Diagnostic samples saved to /workspace/DFUMultiClassification/results/visualizations/diagnostic_samples/ (3 classes)
  Alpha values (sum=3.0): [0.854, 0.43, 1.716]
  Trainable weights: 6/320
/venv/multimodal/lib/python3.11/site-packages/keras/src/models/functional.py:241: UserWarning: The structure of `inputs` doesn't match the expected structure.
Expected: depth_rgb_input
Received: inputs=['Tensor(shape=(64, 256, 256, 3))']
  warnings.warn(msg)
/venv/multimodal/lib/python3.11/site-packages/keras/src/models/functional.py:241: UserWarning: The structure of `inputs` doesn't match the expected structure.
Expected: depth_rgb_input
Received: inputs=['Tensor(shape=(None, 256, 256, 3))']
  warnings.warn(msg)
Epoch 25: early stopping
Restoring model weights from the end of the best epoch: 10.
  Stage 1 best: val_kappa=0.4292 at epoch 10/25
  Stage 2: unfreezing top 20% (48/239 layers)
Epoch 11: early stopping
Restoring model weights from the end of the best epoch: 1.
  Stage 2 best: val_kappa=0.4068 at epoch 1/11
/venv/multimodal/lib/python3.11/site-packages/keras/src/models/functional.py:241: UserWarning: The structure of `inputs` doesn't match the expected structure.
Expected: depth_rgb_input
Received: inputs=['Tensor(shape=(32, 256, 256, 3))']
  warnings.warn(msg)

  POST-EVAL: kappa=0.3788, acc=0.4870, f1=0.4758
  Confusion matrix:
[[105  74  20]
 [ 99 168 127]
 [ 11  23  63]]
  Time: 170s

================================================================================
CONFIG: BASELINE_fold2
  backbone=EfficientNetB0, freeze=frozen
  head=[128], dropout=0.3, bn=True, l2=0.0
  loss=focal, gamma=2.0, alpha_sum=3.0
  lr=0.001, epochs=50, batch=64
  lr_schedule=plateau, warmup=0
  optimizer=adam, weight_decay=0.0001
  augmentation=True, mixup=False(0.2)
  label_smooth=0.0, image_size=256, fold=1
  unfreeze_pct=0.2, finetune_lr=1e-05, finetune_epochs=30
================================================================================
  Diagnostic samples saved to /workspace/DFUMultiClassification/results/visualizations/diagnostic_samples/ (3 classes)
  Alpha values (sum=3.0): [0.848, 0.428, 1.725]
  Trainable weights: 6/320
/venv/multimodal/lib/python3.11/site-packages/keras/src/models/functional.py:241: UserWarning: The structure of `inputs` doesn't match the expected structure.
Expected: depth_rgb_input
Received: inputs=['Tensor(shape=(64, 256, 256, 3))']
  warnings.warn(msg)
/venv/multimodal/lib/python3.11/site-packages/keras/src/models/functional.py:241: UserWarning: The structure of `inputs` doesn't match the expected structure.
Expected: depth_rgb_input
Received: inputs=['Tensor(shape=(None, 256, 256, 3))']
  warnings.warn(msg)
Epoch 37: early stopping
Restoring model weights from the end of the best epoch: 22.
  Stage 1 best: val_kappa=0.4782 at epoch 22/37
  Stage 2: unfreezing top 20% (48/239 layers)
Epoch 21: early stopping
Restoring model weights from the end of the best epoch: 11.
  Stage 2 best: val_kappa=0.4464 at epoch 11/21
/venv/multimodal/lib/python3.11/site-packages/keras/src/models/functional.py:241: UserWarning: The structure of `inputs` doesn't match the expected structure.
Expected: depth_rgb_input
Received: inputs=['Tensor(shape=(32, 256, 256, 3))']
  warnings.warn(msg)

  POST-EVAL: kappa=0.3670, acc=0.5384, f1=0.5131
  Confusion matrix:
[[117  58  24]
 [133 205  56]
 [  6  42  50]]
  Time: 257s

================================================================================
CONFIG: BASELINE_fold3
  backbone=EfficientNetB0, freeze=frozen
  head=[128], dropout=0.3, bn=True, l2=0.0
  loss=focal, gamma=2.0, alpha_sum=3.0
  lr=0.001, epochs=50, batch=64
  lr_schedule=plateau, warmup=0
  optimizer=adam, weight_decay=0.0001
  augmentation=True, mixup=False(0.2)
  label_smooth=0.0, image_size=256, fold=2
  unfreeze_pct=0.2, finetune_lr=1e-05, finetune_epochs=30
================================================================================
  Diagnostic samples saved to /workspace/DFUMultiClassification/results/visualizations/diagnostic_samples/ (3 classes)
  Alpha values (sum=3.0): [0.856, 0.432, 1.712]
  Trainable weights: 6/320
/venv/multimodal/lib/python3.11/site-packages/keras/src/models/functional.py:241: UserWarning: The structure of `inputs` doesn't match the expected structure.
Expected: depth_rgb_input
Received: inputs=['Tensor(shape=(64, 256, 256, 3))']
  warnings.warn(msg)
/venv/multimodal/lib/python3.11/site-packages/keras/src/models/functional.py:241: UserWarning: The structure of `inputs` doesn't match the expected structure.
Expected: depth_rgb_input
Received: inputs=['Tensor(shape=(None, 256, 256, 3))']
  warnings.warn(msg)
Epoch 29: early stopping
Restoring model weights from the end of the best epoch: 14.
  Stage 1 best: val_kappa=0.3179 at epoch 14/29
  Stage 2: unfreezing top 20% (48/239 layers)
Epoch 11: early stopping
Restoring model weights from the end of the best epoch: 1.
  Stage 2 best: val_kappa=0.2687 at epoch 1/11
/venv/multimodal/lib/python3.11/site-packages/keras/src/models/functional.py:241: UserWarning: The structure of `inputs` doesn't match the expected structure.
Expected: depth_rgb_input
Received: inputs=['Tensor(shape=(32, 256, 256, 3))']
  warnings.warn(msg)

  POST-EVAL: kappa=0.2225, acc=0.4588, f1=0.4146
  Confusion matrix:
[[ 71  99  27]
 [ 84 204 105]
 [ 15  44  42]]
  Time: 186s

================================================================================
CONFIG: BASELINE_fold4
  backbone=EfficientNetB0, freeze=frozen
  head=[128], dropout=0.3, bn=True, l2=0.0
  loss=focal, gamma=2.0, alpha_sum=3.0
  lr=0.001, epochs=50, batch=64
  lr_schedule=plateau, warmup=0
  optimizer=adam, weight_decay=0.0001
  augmentation=True, mixup=False(0.2)
  label_smooth=0.0, image_size=256, fold=3
  unfreeze_pct=0.2, finetune_lr=1e-05, finetune_epochs=30
================================================================================
  Diagnostic samples saved to /workspace/DFUMultiClassification/results/visualizations/diagnostic_samples/ (3 classes)
  Alpha values (sum=3.0): [0.858, 0.431, 1.712]
  Trainable weights: 6/320
/venv/multimodal/lib/python3.11/site-packages/keras/src/models/functional.py:241: UserWarning: The structure of `inputs` doesn't match the expected structure.
Expected: depth_rgb_input
Received: inputs=['Tensor(shape=(64, 256, 256, 3))']
  warnings.warn(msg)
/venv/multimodal/lib/python3.11/site-packages/keras/src/models/functional.py:241: UserWarning: The structure of `inputs` doesn't match the expected structure.
Expected: depth_rgb_input
Received: inputs=['Tensor(shape=(None, 256, 256, 3))']
  warnings.warn(msg)
Epoch 24: early stopping
Restoring model weights from the end of the best epoch: 9.
  Stage 1 best: val_kappa=0.3164 at epoch 9/24
  Stage 2: unfreezing top 20% (48/239 layers)
Epoch 11: early stopping
Restoring model weights from the end of the best epoch: 1.
  Stage 2 best: val_kappa=0.3112 at epoch 1/11
/venv/multimodal/lib/python3.11/site-packages/keras/src/models/functional.py:241: UserWarning: The structure of `inputs` doesn't match the expected structure.
Expected: depth_rgb_input
Received: inputs=['Tensor(shape=(32, 256, 256, 3))']
  warnings.warn(msg)

  POST-EVAL: kappa=0.3063, acc=0.4092, f1=0.3985
  Confusion matrix:
[[50 59 11]
 [61 87 87]
 [ 7 19 32]]
  Time: 164s

================================================================================
CONFIG: BASELINE_fold5
  backbone=EfficientNetB0, freeze=frozen
  head=[128], dropout=0.3, bn=True, l2=0.0
  loss=focal, gamma=2.0, alpha_sum=3.0
  lr=0.001, epochs=50, batch=64
  lr_schedule=plateau, warmup=0
  optimizer=adam, weight_decay=0.0001
  augmentation=True, mixup=False(0.2)
  label_smooth=0.0, image_size=256, fold=4
  unfreeze_pct=0.2, finetune_lr=1e-05, finetune_epochs=30
================================================================================
  Diagnostic samples saved to /workspace/DFUMultiClassification/results/visualizations/diagnostic_samples/ (3 classes)
  Alpha values (sum=3.0): [0.853, 0.431, 1.717]
  Trainable weights: 6/320
/venv/multimodal/lib/python3.11/site-packages/keras/src/models/functional.py:241: UserWarning: The structure of `inputs` doesn't match the expected structure.
Expected: depth_rgb_input
Received: inputs=['Tensor(shape=(64, 256, 256, 3))']
  warnings.warn(msg)
/venv/multimodal/lib/python3.11/site-packages/keras/src/models/functional.py:241: UserWarning: The structure of `inputs` doesn't match the expected structure.
Expected: depth_rgb_input
Received: inputs=['Tensor(shape=(None, 256, 256, 3))']
  warnings.warn(msg)
Epoch 26: early stopping
Restoring model weights from the end of the best epoch: 11.
  Stage 1 best: val_kappa=0.2983 at epoch 11/26
  Stage 2: unfreezing top 20% (48/239 layers)
Epoch 17: early stopping
Restoring model weights from the end of the best epoch: 7.
  Stage 2 best: val_kappa=0.3409 at epoch 7/17
/venv/multimodal/lib/python3.11/site-packages/keras/src/models/functional.py:241: UserWarning: The structure of `inputs` doesn't match the expected structure.
Expected: depth_rgb_input
Received: inputs=['Tensor(shape=(32, 256, 256, 3))']
  warnings.warn(msg)

  POST-EVAL: kappa=0.3409, acc=0.5690, f1=0.5138
  Confusion matrix:
[[ 67  43   8]
 [ 60 146  30]
 [ 10  27  22]]
  Time: 196s

================================================================================
SEARCH COMPLETE — SUMMARY
================================================================================
  R1: Backbone+Freeze: R1_EfficientNetB0_frozen → kappa=0.4216
  R2: Head: R2_large → kappa=0.4277
  R3: Loss+Reg+Alpha: R3_focal_g2_ls01 → kappa=0.4394
  R4: Training+Optim: R4_lr1e3_b64_plateau → kappa=0.4394
  R5: Aug+ImgSize: R5_aug_on_256 → kappa=0.4394
  R6: FineTuning: R6_ft_top20_30ep → kappa=0.4394

────────────────────────────────────────────────────────────
TOP 5 CONFIGS — 5-FOLD RESULTS
────────────────────────────────────────────────────────────

  Rank   Config                           Fold0       Mean±Std
  ------------------------------------------------------------
  1      R6_ft_top20_50ep                0.4332 0.3375±0.0466
  2      R3_focal_g2_ls01                0.4394 0.3235±0.0673
  3      R4_lr1e3_b64_cosine             0.4385 0.3194±0.0671
  4      R4_lr1e3_b64_e100               0.4280 0.3100±0.0864
  5      R4_lr1e3_b64_plateau            0.4394 0.2949±0.0752

────────────────────────────────────────────────────────────
DETAILED RESULTS
────────────────────────────────────────────────────────────

#1: R6_ft_top20_50ep (TOP5_4):
  backbone=EfficientNetB0, freeze=frozen
  head=[256], dropout=0.3, bn=True, l2=0.0
  loss=focal, gamma=2.0, alpha_sum=3.0
  lr=0.001, schedule=plateau, batch=64
  optimizer=adam, weight_decay=0.0
  epochs=50+50ft (unfreeze 20%), warmup=0
  aug=True, mixup=False(alpha=0.0), img_size=256
  label_smoothing=0.1

  Fold        Kappa   Accuracy   F1 (macro)
  ----------------------------------------
  Fold 1     0.3765     0.5058       0.4805
  Fold 2     0.3537     0.5326       0.5070
  Fold 3     0.2963     0.5528       0.4584
  Fold 4     0.2701     0.4092       0.3990
  Fold 5     0.3909     0.5738       0.5058
  ----------------------------------------
  Mean       0.3375     0.5148       0.4701
  Std        0.0466     0.0574       0.0398

#2: R3_focal_g2_ls01 (TOP5_1):
  backbone=EfficientNetB0, freeze=frozen
  head=[256], dropout=0.3, bn=True, l2=0.0
  loss=focal, gamma=2.0, alpha_sum=3.0
  lr=0.001, schedule=plateau, batch=64
  optimizer=adam, weight_decay=0.0001
  epochs=50+30ft (unfreeze 20%), warmup=0
  aug=True, mixup=False(alpha=0.0), img_size=256
  label_smoothing=0.1

  Fold        Kappa   Accuracy   F1 (macro)
  ----------------------------------------
  Fold 1     0.3765     0.5058       0.4805
  Fold 2     0.3537     0.5326       0.5070
  Fold 3     0.2092     0.4616       0.3954
  Fold 4     0.2873     0.4092       0.4027
  Fold 5     0.3909     0.5738       0.5058
  ----------------------------------------
  Mean       0.3235     0.4966       0.4583
  Std        0.0673     0.0569       0.0493

#3: R4_lr1e3_b64_cosine (TOP5_3):
  backbone=EfficientNetB0, freeze=frozen
  head=[256], dropout=0.3, bn=True, l2=0.0
  loss=focal, gamma=2.0, alpha_sum=3.0
  lr=0.001, schedule=cosine, batch=64
  optimizer=adam, weight_decay=0.0
  epochs=60+30ft (unfreeze 20%), warmup=5
  aug=True, mixup=False(alpha=0.0), img_size=256
  label_smoothing=0.1

  Fold        Kappa   Accuracy   F1 (macro)
  ----------------------------------------
  Fold 1     0.4078     0.4275       0.4297
  Fold 2     0.3432     0.5297       0.5064
  Fold 3     0.2345     0.4370       0.4115
  Fold 4     0.2483     0.3535       0.3518
  Fold 5     0.3630     0.5811       0.4998
  ----------------------------------------
  Mean       0.3194     0.4658       0.4399
  Std        0.0671     0.0803       0.0578

#4: R4_lr1e3_b64_e100 (TOP5_5):
  backbone=EfficientNetB0, freeze=frozen
  head=[256], dropout=0.3, bn=True, l2=0.0
  loss=focal, gamma=2.0, alpha_sum=3.0
  lr=0.001, schedule=plateau, batch=64
  optimizer=adam, weight_decay=0.0
  epochs=100+30ft (unfreeze 20%), warmup=0
  aug=True, mixup=False(alpha=0.0), img_size=256
  label_smoothing=0.1

  Fold        Kappa   Accuracy   F1 (macro)
  ----------------------------------------
  Fold 1     0.3765     0.5058       0.4805
  Fold 2     0.3537     0.5326       0.5070
  Fold 3     0.1589     0.5123       0.4110
  Fold 4     0.2701     0.4092       0.3990
  Fold 5     0.3909     0.5738       0.5058
  ----------------------------------------
  Mean       0.3100     0.5067       0.4606
  Std        0.0864     0.0543       0.0466

#5: R4_lr1e3_b64_plateau (TOP5_2):
  backbone=EfficientNetB0, freeze=frozen
  head=[256], dropout=0.3, bn=True, l2=0.0
  loss=focal, gamma=2.0, alpha_sum=3.0
  lr=0.001, schedule=plateau, batch=64
  optimizer=adam, weight_decay=0.0
  epochs=50+30ft (unfreeze 20%), warmup=0
  aug=True, mixup=False(alpha=0.0), img_size=256
  label_smoothing=0.1

  Fold        Kappa   Accuracy   F1 (macro)
  ----------------------------------------
  Fold 1     0.3299     0.4696       0.4559
  Fold 2     0.3537     0.5326       0.5070
  Fold 3     0.1589     0.5123       0.4110
  Fold 4     0.2701     0.4092       0.3990
  Fold 5     0.3618     0.5763       0.4777
  ----------------------------------------
  Mean       0.2949     0.5000       0.4501
  Std        0.0752     0.0569       0.0404

────────────────────────────────────────────────────────────

BASELINE (EfficientNetB0 frozen):
  backbone=EfficientNetB0, freeze=frozen
  head=[128], dropout=0.3, bn=True, l2=0.0
  loss=focal, gamma=2.0, alpha_sum=3.0
  lr=0.001, schedule=plateau, batch=64
  optimizer=adam, weight_decay=0.0001
  epochs=50+30ft (unfreeze 20%), warmup=0
  aug=True, mixup=False(alpha=0.2), img_size=256
  label_smoothing=0.0

  Fold        Kappa   Accuracy   F1 (macro)
  ----------------------------------------
  Fold 1     0.3788     0.4870       0.4758
  Fold 2     0.3670     0.5384       0.5131
  Fold 3     0.2225     0.4588       0.4146
  Fold 4     0.3063     0.4092       0.3985
  Fold 5     0.3409     0.5690       0.5138
  ----------------------------------------
  Mean       0.3231     0.4925       0.4632
  Std        0.0561     0.0567       0.0485

────────────────────────────────────────────────────────────
STATISTICAL COMPARISON: #1 R6_ft_top20_50ep vs BASELINE
────────────────────────────────────────────────────────────
  Mean Kappa diff:    +0.0144  (0.3231 → 0.3375)
  Mean Accuracy diff: +0.0224  (0.4925 → 0.5148)
  Mean F1 diff:       +0.0070  (0.4632 → 0.4701)

  Paired t-test on kappa (n=5 folds):
    t-statistic = 0.7021
    p-value     = 0.5213
    → NOT statistically significant (p >= 0.05)
    Note: With 5 folds (4 df), moderate effect sizes can reach significance.

Results saved to: /workspace/DFUMultiClassification/results/depth_rgb_search_results.csv
Best config saved to: /workspace/DFUMultiClassification/results/depth_rgb_best_config.json
